{"meta": {"format": 3, "version": "7.13.5", "timestamp": "2026-04-26T06:30:20.360214", "branch_coverage": false, "show_contexts": false}, "files": {"lltk/__init__.py": {"executed_lines": [1, 2, 5, 11, 12, 13, 14], "summary": {"covered_lines": 7, "num_statements": 7, "percent_covered": 100.0, "percent_covered_display": "100", "missing_lines": 0, "excluded_lines": 0, "percent_statements_covered": 100.0, "percent_statements_covered_display": "100"}, "missing_lines": [], "excluded_lines": [], "functions": {"task_path": {"executed_lines": [11, 12, 13, 14], "summary": {"covered_lines": 4, "num_statements": 4, "percent_covered": 100.0, "percent_covered_display": "100", "missing_lines": 0, "excluded_lines": 0, "percent_statements_covered": 100.0, "percent_statements_covered_display": "100"}, "missing_lines": [], "excluded_lines": [], "start_line": 5}, "": {"executed_lines": [1, 2, 5], "summary": {"covered_lines": 3, "num_statements": 3, "percent_covered": 100.0, "percent_covered_display": "100", "missing_lines": 0, "excluded_lines": 0, "percent_statements_covered": 100.0, "percent_statements_covered_display": "100"}, "missing_lines": [], "excluded_lines": [], "start_line": 1}}, "classes": {"": {"executed_lines": [1, 2, 5, 11, 12, 13, 14], "summary": {"covered_lines": 7, "num_statements": 7, "percent_covered": 100.0, "percent_covered_display": "100", "missing_lines": 0, "excluded_lines": 0, "percent_statements_covered": 100.0, "percent_statements_covered_display": "100"}, "missing_lines": [], "excluded_lines": [], "start_line": 1}}}, "lltk/analysis/__init__.py": {"executed_lines": [], "summary": {"covered_lines": 0, "num_statements": 2, "percent_covered": 0.0, "percent_covered_display": "0", "missing_lines": 2, "excluded_lines": 0, "percent_statements_covered": 0.0, "percent_statements_covered_display": "0"}, "missing_lines": [1, 3], "excluded_lines": [], "functions": {"": {"executed_lines": [], "summary": {"covered_lines": 0, "num_statements": 2, "percent_covered": 0.0, "percent_covered_display": "0", "missing_lines": 2, "excluded_lines": 0, "percent_statements_covered": 0.0, "percent_statements_covered_display": "0"}, "missing_lines": [1, 3], "excluded_lines": [], "start_line": 1}}, "classes": {"": {"executed_lines": [], "summary": {"covered_lines": 0, "num_statements": 2, "percent_covered": 0.0, "percent_covered_display": "0", "missing_lines": 2, "excluded_lines": 0, "percent_statements_covered": 0.0, "percent_statements_covered_display": "0"}, "missing_lines": [1, 3], "excluded_lines": [], "start_line": 1}}}, "lltk/analysis/stats.py": {"executed_lines": [], "summary": {"covered_lines": 0, "num_statements": 77, "percent_covered": 0.0, "percent_covered_display": "0", "missing_lines": 77, "excluded_lines": 0, "percent_statements_covered": 0.0, "percent_statements_covered_display": "0"}, "missing_lines": [11, 24, 26, 27, 32, 33, 34, 39, 40, 41, 44, 73, 74, 75, 76, 80, 81, 83, 84, 85, 88, 89, 91, 92, 93, 94, 96, 98, 99, 100, 101, 102, 103, 104, 105, 106, 107, 108, 109, 110, 111, 112, 113, 126, 128, 129, 130, 132, 133, 134, 135, 142, 143, 144, 145, 146, 148, 149, 155, 158, 169, 170, 172, 173, 174, 175, 177, 178, 179, 181, 183, 184, 185, 186, 187, 188, 190], "excluded_lines": [], "functions": {"group_matrix": {"executed_lines": [], "summary": {"covered_lines": 0, "num_statements": 9, "percent_covered": 0.0, "percent_covered_display": "0", "missing_lines": 9, "excluded_lines": 0, "percent_statements_covered": 0.0, "percent_statements_covered_display": "0"}, "missing_lines": [24, 26, 27, 32, 33, 34, 39, 40, 41], "excluded_lines": [], "start_line": 11}, "fisher_tests": {"executed_lines": [], "summary": {"covered_lines": 0, "num_statements": 32, "percent_covered": 0.0, "percent_covered_display": "0", "missing_lines": 32, "excluded_lines": 0, "percent_statements_covered": 0.0, "percent_statements_covered_display": "0"}, "missing_lines": [73, 74, 75, 76, 80, 81, 83, 84, 85, 88, 89, 91, 92, 93, 94, 96, 98, 126, 128, 129, 132, 133, 134, 135, 142, 143, 144, 145, 146, 148, 149, 155], "excluded_lines": [], "start_line": 44}, "fisher_tests._run_tests": {"executed_lines": [], "summary": {"covered_lines": 0, "num_statements": 15, "percent_covered": 0.0, "percent_covered_display": "0", "missing_lines": 15, "excluded_lines": 0, "percent_statements_covered": 0.0, "percent_statements_covered_display": "0"}, "missing_lines": [99, 100, 101, 102, 103, 104, 105, 106, 107, 108, 109, 110, 111, 112, 113], "excluded_lines": [], "start_line": 98}, "fisher_tests._task_prefix": {"executed_lines": [], "summary": {"covered_lines": 0, "num_statements": 1, "percent_covered": 0.0, "percent_covered_display": "0", "missing_lines": 1, "excluded_lines": 0, "percent_statements_covered": 0.0, "percent_statements_covered_display": "0"}, "missing_lines": [130], "excluded_lines": [], "start_line": 129}, "bh_fdr": {"executed_lines": [], "summary": {"covered_lines": 0, "num_statements": 17, "percent_covered": 0.0, "percent_covered_display": "0", "missing_lines": 17, "excluded_lines": 0, "percent_statements_covered": 0.0, "percent_statements_covered_display": "0"}, "missing_lines": [169, 170, 172, 173, 174, 175, 177, 178, 179, 181, 183, 184, 185, 186, 187, 188, 190], "excluded_lines": [], "start_line": 158}, "": {"executed_lines": [], "summary": {"covered_lines": 0, "num_statements": 3, "percent_covered": 0.0, "percent_covered_display": "0", "missing_lines": 3, "excluded_lines": 0, "percent_statements_covered": 0.0, "percent_statements_covered_display": "0"}, "missing_lines": [11, 44, 158], "excluded_lines": [], "start_line": 1}}, "classes": {"": {"executed_lines": [], "summary": {"covered_lines": 0, "num_statements": 77, "percent_covered": 0.0, "percent_covered_display": "0", "missing_lines": 77, "excluded_lines": 0, "percent_statements_covered": 0.0, "percent_statements_covered_display": "0"}, "missing_lines": [11, 24, 26, 27, 32, 33, 34, 39, 40, 41, 44, 73, 74, 75, 76, 80, 81, 83, 84, 85, 88, 89, 91, 92, 93, 94, 96, 98, 99, 100, 101, 102, 103, 104, 105, 106, 107, 108, 109, 110, 111, 112, 113, 126, 128, 129, 130, 132, 133, 134, 135, 142, 143, 144, 145, 146, 148, 149, 155, 158, 169, 170, 172, 173, 174, 175, 177, 178, 179, 181, 183, 184, 185, 186, 187, 188, 190], "excluded_lines": [], "start_line": 1}}}, "lltk/cli.py": {"executed_lines": [], "summary": {"covered_lines": 0, "num_statements": 282, "percent_covered": 0.0, "percent_covered_display": "0", "missing_lines": 282, "excluded_lines": 2, "percent_statements_covered": 0.0, "percent_statements_covered_display": "0"}, "missing_lines": [1, 4, 5, 6, 8, 12, 15, 18, 21, 22, 25, 26, 29, 30, 31, 32, 33, 36, 37, 38, 39, 40, 41, 44, 45, 46, 49, 50, 51, 54, 57, 58, 59, 62, 63, 66, 68, 70, 74, 77, 80, 82, 84, 86, 88, 92, 93, 94, 95, 96, 97, 98, 99, 100, 103, 104, 105, 106, 107, 108, 109, 110, 113, 114, 115, 116, 117, 118, 121, 123, 125, 127, 129, 131, 132, 136, 138, 140, 142, 146, 147, 150, 152, 153, 155, 158, 160, 162, 165, 166, 167, 168, 169, 172, 175, 178, 179, 180, 181, 182, 183, 184, 186, 189, 192, 193, 194, 196, 199, 201, 205, 206, 209, 210, 211, 214, 215, 217, 218, 219, 221, 223, 224, 225, 227, 228, 229, 231, 232, 233, 235, 236, 237, 238, 239, 240, 241, 242, 244, 245, 246, 247, 248, 249, 250, 251, 252, 253, 255, 256, 257, 258, 260, 261, 262, 263, 264, 266, 267, 268, 269, 270, 274, 275, 277, 278, 279, 281, 282, 283, 284, 286, 287, 289, 290, 293, 301, 302, 305, 307, 313, 316, 317, 318, 319, 320, 321, 322, 325, 328, 329, 331, 334, 335, 336, 337, 338, 340, 341, 342, 344, 345, 346, 348, 349, 350, 351, 352, 353, 354, 355, 357, 359, 360, 362, 363, 364, 365, 366, 369, 370, 371, 372, 373, 375, 376, 378, 379, 386, 387, 393, 394, 396, 397, 398, 399, 400, 401, 403, 404, 414, 415, 423, 424, 433, 434, 440, 441, 447, 448, 453, 454, 456, 457, 464, 465, 466, 467, 468, 469, 470, 471, 474, 475, 476, 477, 478, 479, 480, 481, 482, 483, 484, 501, 502, 503, 505, 506, 507, 509, 510, 511], "excluded_lines": [514, 515], "functions": {"main": {"executed_lines": [], "summary": {"covered_lines": 0, "num_statements": 280, "percent_covered": 0.0, "percent_covered_display": "0", "missing_lines": 280, "excluded_lines": 0, "percent_statements_covered": 0.0, "percent_statements_covered_display": "0"}, "missing_lines": [5, 6, 8, 12, 15, 18, 21, 22, 25, 26, 29, 30, 31, 32, 33, 36, 37, 38, 39, 40, 41, 44, 45, 46, 49, 50, 51, 54, 57, 58, 59, 62, 63, 66, 68, 70, 74, 77, 80, 82, 84, 86, 88, 92, 93, 94, 95, 96, 97, 98, 99, 100, 103, 104, 105, 106, 107, 108, 109, 110, 113, 114, 115, 116, 117, 118, 121, 123, 125, 127, 129, 131, 132, 136, 138, 140, 142, 146, 147, 150, 152, 153, 155, 158, 160, 162, 165, 166, 167, 168, 169, 172, 175, 178, 179, 180, 181, 182, 183, 184, 186, 189, 192, 193, 194, 196, 199, 201, 205, 206, 209, 210, 211, 214, 215, 217, 218, 219, 221, 223, 224, 225, 227, 228, 229, 231, 232, 233, 235, 236, 237, 238, 239, 240, 241, 242, 244, 245, 246, 247, 248, 249, 250, 251, 252, 253, 255, 256, 257, 258, 260, 261, 262, 263, 264, 266, 267, 268, 269, 270, 274, 275, 277, 278, 279, 281, 282, 283, 284, 286, 287, 289, 290, 293, 301, 302, 305, 307, 313, 316, 317, 318, 319, 320, 321, 322, 325, 328, 329, 331, 334, 335, 336, 337, 338, 340, 341, 342, 344, 345, 346, 348, 349, 350, 351, 352, 353, 354, 355, 357, 359, 360, 362, 363, 364, 365, 366, 369, 370, 371, 372, 373, 375, 376, 378, 379, 386, 387, 393, 394, 396, 397, 398, 399, 400, 401, 403, 404, 414, 415, 423, 424, 433, 434, 440, 441, 447, 448, 453, 454, 456, 457, 464, 465, 466, 467, 468, 469, 470, 471, 474, 475, 476, 477, 478, 479, 480, 481, 482, 483, 484, 501, 502, 503, 505, 506, 507, 509, 510, 511], "excluded_lines": [], "start_line": 4}, "": {"executed_lines": [], "summary": {"covered_lines": 0, "num_statements": 2, "percent_covered": 0.0, "percent_covered_display": "0", "missing_lines": 2, "excluded_lines": 2, "percent_statements_covered": 0.0, "percent_statements_covered_display": "0"}, "missing_lines": [1, 4], "excluded_lines": [514, 515], "start_line": 1}}, "classes": {"": {"executed_lines": [], "summary": {"covered_lines": 0, "num_statements": 282, "percent_covered": 0.0, "percent_covered_display": "0", "missing_lines": 282, "excluded_lines": 2, "percent_statements_covered": 0.0, "percent_statements_covered_display": "0"}, "missing_lines": [1, 4, 5, 6, 8, 12, 15, 18, 21, 22, 25, 26, 29, 30, 31, 32, 33, 36, 37, 38, 39, 40, 41, 44, 45, 46, 49, 50, 51, 54, 57, 58, 59, 62, 63, 66, 68, 70, 74, 77, 80, 82, 84, 86, 88, 92, 93, 94, 95, 96, 97, 98, 99, 100, 103, 104, 105, 106, 107, 108, 109, 110, 113, 114, 115, 116, 117, 118, 121, 123, 125, 127, 129, 131, 132, 136, 138, 140, 142, 146, 147, 150, 152, 153, 155, 158, 160, 162, 165, 166, 167, 168, 169, 172, 175, 178, 179, 180, 181, 182, 183, 184, 186, 189, 192, 193, 194, 196, 199, 201, 205, 206, 209, 210, 211, 214, 215, 217, 218, 219, 221, 223, 224, 225, 227, 228, 229, 231, 232, 233, 235, 236, 237, 238, 239, 240, 241, 242, 244, 245, 246, 247, 248, 249, 250, 251, 252, 253, 255, 256, 257, 258, 260, 261, 262, 263, 264, 266, 267, 268, 269, 270, 274, 275, 277, 278, 279, 281, 282, 283, 284, 286, 287, 289, 290, 293, 301, 302, 305, 307, 313, 316, 317, 318, 319, 320, 321, 322, 325, 328, 329, 331, 334, 335, 336, 337, 338, 340, 341, 342, 344, 345, 346, 348, 349, 350, 351, 352, 353, 354, 355, 357, 359, 360, 362, 363, 364, 365, 366, 369, 370, 371, 372, 373, 375, 376, 378, 379, 386, 387, 393, 394, 396, 397, 398, 399, 400, 401, 403, 404, 414, 415, 423, 424, 433, 434, 440, 441, 447, 448, 453, 454, 456, 457, 464, 465, 466, 467, 468, 469, 470, 471, 474, 475, 476, 477, 478, 479, 480, 481, 482, 483, 484, 501, 502, 503, 505, 506, 507, 509, 510, 511], "excluded_lines": [514, 515], "start_line": 1}}}, "lltk/corpus/__init__.py": {"executed_lines": [1, 2], "summary": {"covered_lines": 2, "num_statements": 2, "percent_covered": 100.0, "percent_covered_display": "100", "missing_lines": 0, "excluded_lines": 0, "percent_statements_covered": 100.0, "percent_statements_covered_display": "100"}, "missing_lines": [], "excluded_lines": [], "functions": {"": {"executed_lines": [1, 2], "summary": {"covered_lines": 2, "num_statements": 2, "percent_covered": 100.0, "percent_covered_display": "100", "missing_lines": 0, "excluded_lines": 0, "percent_statements_covered": 100.0, "percent_statements_covered_display": "100"}, "missing_lines": [], "excluded_lines": [], "start_line": 1}}, "classes": {"": {"executed_lines": [1, 2], "summary": {"covered_lines": 2, "num_statements": 2, "percent_covered": 100.0, "percent_covered_display": "100", "missing_lines": 0, "excluded_lines": 0, "percent_statements_covered": 100.0, "percent_statements_covered_display": "100"}, "missing_lines": [], "excluded_lines": [], "start_line": 1}}}, "lltk/corpus/corpus.py": {"executed_lines": [1, 2, 3, 4, 5, 7, 8, 10, 11, 13, 52, 70, 77, 78, 79, 80, 81, 82, 83, 84, 85, 86, 87, 89, 90, 91, 92, 93, 94, 95, 96, 97, 98, 99, 100, 101, 102, 103, 106, 107, 120, 130, 131, 132, 133, 134, 135, 136, 137, 138, 139, 140, 141, 142, 144, 145, 148, 149, 150, 151, 152, 153, 154, 156, 157, 158, 159, 162, 163, 164, 165, 166, 169, 170, 172, 173, 174, 176, 177, 178, 181, 184, 185, 186, 187, 201, 202, 204, 205, 206, 207, 208, 209, 210, 214, 215, 218, 219, 220, 221, 222, 224, 225, 226, 227, 236, 237, 238, 240, 241, 248, 249, 260, 265, 268, 275, 276, 283, 284, 286, 288, 289, 290, 291, 298, 328, 339, 351, 352, 353, 354, 356, 357, 358, 359, 360, 361, 364, 365, 366, 367, 368, 369, 370, 371, 373, 374, 379, 380, 381, 382, 383, 384, 385, 388, 389, 393, 394, 397, 398, 399, 402, 403, 406, 407, 409, 410, 414, 415, 419, 422, 423, 426, 429, 432, 433, 434, 442, 443, 446, 449, 458, 509, 510, 513, 516, 518, 519, 522, 525, 526, 529, 535, 538, 539, 541, 542, 545, 561, 563, 564, 565, 569, 577, 583, 584, 586, 593, 598, 599, 600, 601, 604, 618, 620, 621, 622, 624, 625, 626, 629, 631, 632, 633, 634, 636, 643, 645, 646, 656, 657, 661, 662, 701, 722, 723, 725, 726, 728, 729, 730, 732, 733, 734, 735, 736, 737, 738, 741, 742, 743, 744, 746, 749, 750, 751, 752, 762, 763, 765, 766, 786, 788, 791, 792, 795, 796, 797, 799, 800, 803, 805, 806, 807, 811, 812, 813, 815, 816, 819, 821, 822, 823, 827, 828, 829, 830, 831, 833, 839, 840, 841, 842, 844, 858, 859, 860, 862, 863, 864, 865, 890, 891, 893, 895, 896, 897, 898, 899, 900, 903, 904, 912, 913, 926, 931, 942, 1004, 1009, 1010, 1021, 1040, 1068, 1126, 1158, 1163, 1167, 1168, 1169, 1173, 1177, 1186, 1192, 1199, 1200, 1201, 1202, 1205, 1206, 1207, 1208, 1209, 1210, 1211, 1212, 1230, 1231, 1233, 1236, 1239, 1254, 1256, 1302, 1315, 1327, 1352, 1353, 1355, 1356, 1359, 1360, 1361, 1362, 1364, 1365, 1366, 1367, 1368, 1369, 1371, 1372, 1373, 1375, 1376, 1377, 1379, 1380, 1381, 1382, 1383, 1384, 1386, 1388, 1391, 1392, 1393, 1394, 1395, 1397, 1399, 1407, 1408, 1410, 1411, 1415, 1416, 1419, 1420, 1421, 1424, 1425, 1426, 1427, 1428, 1429, 1430, 1431, 1432, 1433, 1434, 1435, 1437, 1438, 1439, 1440, 1442, 1443, 1445, 1446, 1447, 1458, 1459, 1460, 1461, 1463, 1464, 1465, 1467, 1468, 1469, 1470, 1471, 1473, 1474, 1476, 1477, 1479, 1480, 1481, 1483, 1484, 1485, 1486, 1488, 1489, 1490, 1492, 1493, 1494, 1495, 1502, 1504, 1506, 1510, 1511, 1512, 1513, 1514, 1515, 1517, 1518, 1519, 1520, 1530, 1531, 1532, 1533, 1534, 1539, 1540, 1541, 1542, 1543, 1544, 1546, 1547, 1548, 1550, 1551, 1552, 1553, 1554, 1555, 1557, 1558, 1560, 1561, 1562, 1564, 1565, 1567, 1587, 1588, 1590, 1591, 1592, 1595, 1596, 1618, 1619, 1620, 1621, 1622, 1623, 1624, 1631, 1634, 1635, 1637, 1638, 1639, 1641, 1642, 1643, 1644, 1645, 1646, 1648, 1649, 1650, 1652, 1653, 1654, 1655, 1657, 1658, 1659, 1660, 1661, 1663, 1664, 1665, 1666, 1673, 1674, 1675, 1678, 1679, 1680, 1681, 1689, 1692, 1694, 1697, 1699, 1700, 1701, 1712, 1714, 1715, 1716, 1718, 1721, 1722], "summary": {"covered_lines": 554, "num_statements": 1012, "percent_covered": 54.74308300395257, "percent_covered_display": "55", "missing_lines": 458, "excluded_lines": 1, "percent_statements_covered": 54.74308300395257, "percent_statements_covered_display": "55"}, "missing_lines": [179, 180, 203, 211, 212, 242, 243, 244, 250, 251, 252, 254, 255, 256, 257, 261, 262, 263, 269, 270, 271, 272, 273, 300, 301, 302, 304, 305, 306, 308, 309, 310, 311, 312, 314, 315, 316, 318, 319, 322, 323, 324, 325, 330, 331, 332, 333, 334, 335, 336, 337, 340, 341, 342, 343, 344, 345, 346, 347, 348, 372, 375, 376, 390, 391, 400, 404, 408, 411, 416, 417, 447, 570, 571, 572, 573, 574, 587, 588, 589, 590, 605, 606, 607, 608, 609, 610, 612, 613, 614, 615, 637, 638, 639, 644, 658, 674, 675, 676, 677, 681, 682, 683, 684, 687, 688, 689, 690, 691, 692, 694, 695, 696, 698, 699, 703, 704, 705, 706, 707, 708, 709, 710, 711, 712, 713, 714, 715, 716, 739, 767, 768, 769, 770, 771, 772, 773, 774, 775, 777, 778, 779, 780, 781, 793, 808, 814, 817, 820, 824, 825, 826, 834, 835, 836, 868, 869, 884, 885, 886, 887, 888, 905, 906, 907, 908, 909, 910, 914, 915, 916, 927, 928, 929, 932, 943, 944, 945, 947, 948, 949, 950, 951, 952, 953, 954, 956, 958, 960, 961, 963, 964, 965, 966, 967, 968, 969, 971, 972, 973, 974, 975, 976, 977, 978, 980, 981, 982, 983, 984, 986, 987, 990, 992, 993, 994, 995, 997, 999, 1000, 1001, 1006, 1012, 1014, 1015, 1017, 1018, 1019, 1022, 1023, 1024, 1025, 1026, 1027, 1028, 1029, 1030, 1031, 1032, 1033, 1034, 1035, 1036, 1037, 1038, 1042, 1043, 1044, 1045, 1046, 1047, 1048, 1049, 1050, 1051, 1052, 1053, 1054, 1055, 1057, 1058, 1059, 1060, 1062, 1063, 1064, 1065, 1066, 1080, 1081, 1082, 1083, 1084, 1085, 1086, 1087, 1088, 1089, 1092, 1093, 1096, 1097, 1100, 1101, 1102, 1103, 1104, 1107, 1108, 1111, 1118, 1119, 1124, 1128, 1129, 1130, 1131, 1132, 1134, 1135, 1136, 1138, 1139, 1140, 1142, 1143, 1144, 1146, 1147, 1148, 1149, 1151, 1152, 1153, 1155, 1156, 1159, 1160, 1164, 1175, 1178, 1179, 1180, 1181, 1182, 1183, 1184, 1203, 1204, 1214, 1215, 1216, 1217, 1218, 1219, 1220, 1221, 1222, 1223, 1224, 1225, 1228, 1237, 1240, 1241, 1242, 1243, 1244, 1245, 1246, 1247, 1248, 1249, 1250, 1251, 1252, 1262, 1263, 1265, 1266, 1267, 1268, 1270, 1276, 1277, 1278, 1280, 1282, 1283, 1284, 1285, 1286, 1287, 1288, 1289, 1290, 1292, 1293, 1294, 1300, 1304, 1305, 1306, 1307, 1308, 1311, 1316, 1317, 1318, 1319, 1331, 1332, 1333, 1336, 1337, 1340, 1341, 1342, 1343, 1344, 1345, 1346, 1347, 1348, 1349, 1354, 1357, 1389, 1390, 1412, 1444, 1521, 1523, 1524, 1526, 1527, 1528, 1536, 1537, 1545, 1568, 1569, 1570, 1571, 1572, 1573, 1574, 1575, 1576, 1577, 1578, 1579, 1580, 1581, 1582, 1583, 1584, 1597, 1598, 1599, 1600, 1601, 1602, 1603, 1604, 1605, 1606, 1607, 1614, 1615, 1703, 1704, 1706, 1707, 1708, 1710, 1717, 1719], "excluded_lines": [266], "functions": {"BaseCorpus.__init__": {"executed_lines": [130, 131, 132, 133, 134, 135, 136, 137, 138, 139, 140, 141, 142, 144, 145, 148, 149, 150, 151, 152, 153, 154, 156, 157, 158, 159, 162, 163, 164, 165, 166, 169, 170], "summary": {"covered_lines": 33, "num_statements": 33, "percent_covered": 100.0, "percent_covered_display": "100", "missing_lines": 0, "excluded_lines": 0, "percent_statements_covered": 100.0, "percent_statements_covered_display": "100"}, "missing_lines": [], "excluded_lines": [], "start_line": 120}, "BaseCorpus.__getattr__": {"executed_lines": [173, 174], "summary": {"covered_lines": 2, "num_statements": 2, "percent_covered": 100.0, "percent_covered_display": "100", "missing_lines": 0, "excluded_lines": 0, "percent_statements_covered": 100.0, "percent_statements_covered_display": "100"}, "missing_lines": [], "excluded_lines": [], "start_line": 172}, "BaseCorpus.__len__": {"executed_lines": [176], "summary": {"covered_lines": 1, "num_statements": 1, "percent_covered": 100.0, "percent_covered_display": "100", "missing_lines": 0, "excluded_lines": 0, "percent_statements_covered": 100.0, "percent_statements_covered_display": "100"}, "missing_lines": [], "excluded_lines": [], "start_line": 176}, "BaseCorpus.__getitem__": {"executed_lines": [177], "summary": {"covered_lines": 1, "num_statements": 1, "percent_covered": 100.0, "percent_covered_display": "100", "missing_lines": 0, "excluded_lines": 0, "percent_statements_covered": 100.0, "percent_statements_covered_display": "100"}, "missing_lines": [], "excluded_lines": [], "start_line": 177}, "BaseCorpus.__setitem__": {"executed_lines": [], "summary": {"covered_lines": 0, "num_statements": 2, "percent_covered": 0.0, "percent_covered_display": "0", "missing_lines": 2, "excluded_lines": 0, "percent_statements_covered": 0.0, "percent_statements_covered_display": "0"}, "missing_lines": [179, 180], "excluded_lines": [], "start_line": 178}, "BaseCorpus.__delitem__": {"executed_lines": [181], "summary": {"covered_lines": 1, "num_statements": 1, "percent_covered": 100.0, "percent_covered_display": "100", "missing_lines": 0, "excluded_lines": 0, "percent_statements_covered": 100.0, "percent_statements_covered_display": "100"}, "missing_lines": [], "excluded_lines": [], "start_line": 181}, "BaseCorpus.__repr__": {"executed_lines": [185, 186, 187], "summary": {"covered_lines": 3, "num_statements": 3, "percent_covered": 100.0, "percent_covered_display": "100", "missing_lines": 0, "excluded_lines": 0, "percent_statements_covered": 100.0, "percent_statements_covered_display": "100"}, "missing_lines": [], "excluded_lines": [], "start_line": 184}, "BaseCorpus.get_path": {"executed_lines": [202, 204, 205, 206, 207, 208, 209, 210, 214, 215], "summary": {"covered_lines": 10, "num_statements": 13, "percent_covered": 76.92307692307692, "percent_covered_display": "77", "missing_lines": 3, "excluded_lines": 0, "percent_statements_covered": 76.92307692307692, "percent_statements_covered_display": "77"}, "missing_lines": [203, 211, 212], "excluded_lines": [], "start_line": 201}, "BaseCorpus.path": {"executed_lines": [220, 221, 222], "summary": {"covered_lines": 3, "num_statements": 3, "percent_covered": 100.0, "percent_covered_display": "100", "missing_lines": 0, "excluded_lines": 0, "percent_statements_covered": 100.0, "percent_statements_covered_display": "100"}, "missing_lines": [], "excluded_lines": [], "start_line": 219}, "BaseCorpus.path_data": {"executed_lines": [225], "summary": {"covered_lines": 1, "num_statements": 1, "percent_covered": 100.0, "percent_covered_display": "100", "missing_lines": 0, "excluded_lines": 0, "percent_statements_covered": 100.0, "percent_statements_covered_display": "100"}, "missing_lines": [], "excluded_lines": [], "start_line": 225}, "BaseCorpus.path_matches": {"executed_lines": [227], "summary": {"covered_lines": 1, "num_statements": 1, "percent_covered": 100.0, "percent_covered_display": "100", "missing_lines": 0, "excluded_lines": 0, "percent_statements_covered": 100.0, "percent_statements_covered_display": "100"}, "missing_lines": [], "excluded_lines": [], "start_line": 227}, "BaseCorpus.xml2txt_func": {"executed_lines": [237], "summary": {"covered_lines": 1, "num_statements": 1, "percent_covered": 100.0, "percent_covered_display": "100", "missing_lines": 0, "excluded_lines": 0, "percent_statements_covered": 100.0, "percent_statements_covered_display": "100"}, "missing_lines": [], "excluded_lines": [], "start_line": 237}, "BaseCorpus.xml2txt": {"executed_lines": [238], "summary": {"covered_lines": 1, "num_statements": 1, "percent_covered": 100.0, "percent_covered_display": "100", "missing_lines": 0, "excluded_lines": 0, "percent_statements_covered": 100.0, "percent_statements_covered_display": "100"}, "missing_lines": [], "excluded_lines": [], "start_line": 238}, "BaseCorpus.path_key": {"executed_lines": [], "summary": {"covered_lines": 0, "num_statements": 3, "percent_covered": 0.0, "percent_covered_display": "0", "missing_lines": 3, "excluded_lines": 0, "percent_statements_covered": 0.0, "percent_statements_covered_display": "0"}, "missing_lines": [242, 243, 244], "excluded_lines": [], "start_line": 241}, "BaseCorpus.key": {"executed_lines": [], "summary": {"covered_lines": 0, "num_statements": 7, "percent_covered": 0.0, "percent_covered_display": "0", "missing_lines": 7, "excluded_lines": 0, "percent_statements_covered": 0.0, "percent_statements_covered_display": "0"}, "missing_lines": [250, 251, 252, 254, 255, 256, 257], "excluded_lines": [], "start_line": 249}, "BaseCorpus.fetch_key": {"executed_lines": [], "summary": {"covered_lines": 0, "num_statements": 3, "percent_covered": 0.0, "percent_covered_display": "0", "missing_lines": 3, "excluded_lines": 0, "percent_statements_covered": 0.0, "percent_statements_covered_display": "0"}, "missing_lines": [261, 262, 263], "excluded_lines": [], "start_line": 260}, "BaseCorpus.acquire_key": {"executed_lines": [], "summary": {"covered_lines": 0, "num_statements": 0, "percent_covered": 100.0, "percent_covered_display": "100", "missing_lines": 0, "excluded_lines": 1, "percent_statements_covered": 100.0, "percent_statements_covered_display": "100"}, "missing_lines": [], "excluded_lines": [266], "start_line": 265}, "BaseCorpus.generate_key": {"executed_lines": [], "summary": {"covered_lines": 0, "num_statements": 5, "percent_covered": 0.0, "percent_covered_display": "0", "missing_lines": 5, "excluded_lines": 0, "percent_statements_covered": 0.0, "percent_statements_covered_display": "0"}, "missing_lines": [269, 270, 271, 272, 273], "excluded_lines": [], "start_line": 268}, "BaseCorpus.encrypt": {"executed_lines": [275], "summary": {"covered_lines": 1, "num_statements": 1, "percent_covered": 100.0, "percent_covered_display": "100", "missing_lines": 0, "excluded_lines": 0, "percent_statements_covered": 100.0, "percent_statements_covered_display": "100"}, "missing_lines": [], "excluded_lines": [], "start_line": 275}, "BaseCorpus.decrypt": {"executed_lines": [276], "summary": {"covered_lines": 1, "num_statements": 1, "percent_covered": 100.0, "percent_covered_display": "100", "missing_lines": 0, "excluded_lines": 0, "percent_statements_covered": 100.0, "percent_statements_covered_display": "100"}, "missing_lines": [], "excluded_lines": [], "start_line": 276}, "BaseCorpus.addr": {"executed_lines": [284], "summary": {"covered_lines": 1, "num_statements": 1, "percent_covered": 100.0, "percent_covered_display": "100", "missing_lines": 0, "excluded_lines": 0, "percent_statements_covered": 100.0, "percent_statements_covered_display": "100"}, "missing_lines": [], "excluded_lines": [], "start_line": 284}, "BaseCorpus.get_addr": {"executed_lines": [286], "summary": {"covered_lines": 1, "num_statements": 1, "percent_covered": 100.0, "percent_covered_display": "100", "missing_lines": 0, "excluded_lines": 0, "percent_statements_covered": 100.0, "percent_statements_covered_display": "100"}, "missing_lines": [], "excluded_lines": [], "start_line": 286}, "BaseCorpus.addrs": {"executed_lines": [289], "summary": {"covered_lines": 1, "num_statements": 1, "percent_covered": 100.0, "percent_covered_display": "100", "missing_lines": 0, "excluded_lines": 0, "percent_statements_covered": 100.0, "percent_statements_covered_display": "100"}, "missing_lines": [], "excluded_lines": [], "start_line": 289}, "BaseCorpus.ids": {"executed_lines": [291], "summary": {"covered_lines": 1, "num_statements": 1, "percent_covered": 100.0, "percent_covered_display": "100", "missing_lines": 0, "excluded_lines": 0, "percent_statements_covered": 100.0, "percent_statements_covered_display": "100"}, "missing_lines": [], "excluded_lines": [], "start_line": 291}, "BaseCorpus.init_meta": {"executed_lines": [], "summary": {"covered_lines": 0, "num_statements": 18, "percent_covered": 0.0, "percent_covered_display": "0", "missing_lines": 18, "excluded_lines": 0, "percent_statements_covered": 0.0, "percent_statements_covered_display": "0"}, "missing_lines": [300, 304, 305, 306, 308, 309, 310, 311, 312, 314, 315, 316, 318, 319, 322, 323, 324, 325], "excluded_lines": [], "start_line": 298}, "BaseCorpus.init_meta._filter": {"executed_lines": [], "summary": {"covered_lines": 0, "num_statements": 2, "percent_covered": 0.0, "percent_covered_display": "0", "missing_lines": 2, "excluded_lines": 0, "percent_statements_covered": 0.0, "percent_statements_covered_display": "0"}, "missing_lines": [301, 302], "excluded_lines": [], "start_line": 300}, "BaseCorpus.init_meta_json": {"executed_lines": [], "summary": {"covered_lines": 0, "num_statements": 8, "percent_covered": 0.0, "percent_covered_display": "0", "missing_lines": 8, "excluded_lines": 0, "percent_statements_covered": 0.0, "percent_statements_covered_display": "0"}, "missing_lines": [330, 331, 332, 333, 334, 335, 336, 337], "excluded_lines": [], "start_line": 328}, "BaseCorpus.init_meta_csv": {"executed_lines": [], "summary": {"covered_lines": 0, "num_statements": 9, "percent_covered": 0.0, "percent_covered_display": "0", "missing_lines": 9, "excluded_lines": 0, "percent_statements_covered": 0.0, "percent_statements_covered_display": "0"}, "missing_lines": [340, 341, 342, 343, 344, 345, 346, 347, 348], "excluded_lines": [], "start_line": 339}, "BaseCorpus.path_metadata_parquet": {"executed_lines": [353, 354], "summary": {"covered_lines": 2, "num_statements": 2, "percent_covered": 100.0, "percent_covered_display": "100", "missing_lines": 0, "excluded_lines": 0, "percent_statements_covered": 100.0, "percent_statements_covered_display": "100"}, "missing_lines": [], "excluded_lines": [], "start_line": 352}, "BaseCorpus.load_metadata": {"executed_lines": [357, 358, 359, 360, 361, 364, 365, 366, 367, 368, 369, 370, 371, 373, 374, 379, 380, 381, 382, 383, 384, 385, 388, 389, 393, 394], "summary": {"covered_lines": 26, "num_statements": 31, "percent_covered": 83.87096774193549, "percent_covered_display": "84", "missing_lines": 5, "excluded_lines": 0, "percent_statements_covered": 83.87096774193549, "percent_statements_covered_display": "84"}, "missing_lines": [372, 375, 376, 390, 391], "excluded_lines": [], "start_line": 356}, "BaseCorpus.merge_linked_metadata": {"executed_lines": [398, 399, 402, 403, 406, 407, 409, 410, 414, 415, 419, 422, 423, 426, 429, 432, 433, 434, 442, 443, 446, 449], "summary": {"covered_lines": 22, "num_statements": 29, "percent_covered": 75.86206896551724, "percent_covered_display": "76", "missing_lines": 7, "excluded_lines": 0, "percent_statements_covered": 75.86206896551724, "percent_statements_covered_display": "76"}, "missing_lines": [400, 404, 408, 411, 416, 417, 447], "excluded_lines": [], "start_line": 397}, "BaseCorpus.text": {"executed_lines": [509, 510, 513, 516, 518, 519, 522, 525, 526, 529, 535, 538, 539], "summary": {"covered_lines": 13, "num_statements": 13, "percent_covered": 100.0, "percent_covered_display": "100", "missing_lines": 0, "excluded_lines": 0, "percent_statements_covered": 100.0, "percent_statements_covered_display": "100"}, "missing_lines": [], "excluded_lines": [], "start_line": 458}, "BaseCorpus.text_from": {"executed_lines": [542], "summary": {"covered_lines": 1, "num_statements": 1, "percent_covered": 100.0, "percent_covered_display": "100", "missing_lines": 0, "excluded_lines": 0, "percent_statements_covered": 100.0, "percent_statements_covered_display": "100"}, "missing_lines": [], "excluded_lines": [], "start_line": 541}, "BaseCorpus.get_text": {"executed_lines": [561, 563, 564, 565], "summary": {"covered_lines": 4, "num_statements": 4, "percent_covered": 100.0, "percent_covered_display": "100", "missing_lines": 0, "excluded_lines": 0, "percent_statements_covered": 100.0, "percent_statements_covered_display": "100"}, "missing_lines": [], "excluded_lines": [], "start_line": 545}, "BaseCorpus.remove_text": {"executed_lines": [], "summary": {"covered_lines": 0, "num_statements": 5, "percent_covered": 0.0, "percent_covered_display": "0", "missing_lines": 5, "excluded_lines": 0, "percent_statements_covered": 0.0, "percent_statements_covered_display": "0"}, "missing_lines": [570, 571, 572, 573, 574], "excluded_lines": [], "start_line": 569}, "BaseCorpus.get_text_id": {"executed_lines": [583, 584, 586, 593, 598, 599, 600, 601], "summary": {"covered_lines": 8, "num_statements": 12, "percent_covered": 66.66666666666667, "percent_covered_display": "67", "missing_lines": 4, "excluded_lines": 0, "percent_statements_covered": 66.66666666666667, "percent_statements_covered_display": "67"}, "missing_lines": [587, 588, 589, 590], "excluded_lines": [], "start_line": 577}, "BaseCorpus.iter_text_id": {"executed_lines": [], "summary": {"covered_lines": 0, "num_statements": 10, "percent_covered": 0.0, "percent_covered_display": "0", "missing_lines": 10, "excluded_lines": 0, "percent_statements_covered": 0.0, "percent_statements_covered_display": "0"}, "missing_lines": [605, 606, 607, 608, 609, 610, 612, 613, 614, 615], "excluded_lines": [], "start_line": 604}, "BaseCorpus.init_text": {"executed_lines": [620, 621, 622, 624, 625, 626], "summary": {"covered_lines": 6, "num_statements": 6, "percent_covered": 100.0, "percent_covered_display": "100", "missing_lines": 0, "excluded_lines": 0, "percent_statements_covered": 100.0, "percent_statements_covered_display": "100"}, "missing_lines": [], "excluded_lines": [], "start_line": 618}, "BaseCorpus.add_text": {"executed_lines": [631, 632, 633, 634], "summary": {"covered_lines": 4, "num_statements": 4, "percent_covered": 100.0, "percent_covered_display": "100", "missing_lines": 0, "excluded_lines": 0, "percent_statements_covered": 100.0, "percent_statements_covered_display": "100"}, "missing_lines": [], "excluded_lines": [], "start_line": 629}, "BaseCorpus.add_texts_from": {"executed_lines": [], "summary": {"covered_lines": 0, "num_statements": 3, "percent_covered": 0.0, "percent_covered_display": "0", "missing_lines": 3, "excluded_lines": 0, "percent_statements_covered": 0.0, "percent_statements_covered_display": "0"}, "missing_lines": [637, 638, 639], "excluded_lines": [], "start_line": 636}, "BaseCorpus.query_db": {"executed_lines": [], "summary": {"covered_lines": 0, "num_statements": 1, "percent_covered": 0.0, "percent_covered_display": "0", "missing_lines": 1, "excluded_lines": 0, "percent_statements_covered": 0.0, "percent_statements_covered_display": "0"}, "missing_lines": [644], "excluded_lines": [], "start_line": 643}, "BaseCorpus.qdb": {"executed_lines": [646], "summary": {"covered_lines": 1, "num_statements": 1, "percent_covered": 100.0, "percent_covered_display": "100", "missing_lines": 0, "excluded_lines": 0, "percent_statements_covered": 100.0, "percent_statements_covered_display": "100"}, "missing_lines": [], "excluded_lines": [], "start_line": 646}, "BaseCorpus.paths": {"executed_lines": [], "summary": {"covered_lines": 0, "num_statements": 1, "percent_covered": 0.0, "percent_covered_display": "0", "missing_lines": 1, "excluded_lines": 0, "percent_statements_covered": 0.0, "percent_statements_covered_display": "0"}, "missing_lines": [658], "excluded_lines": [], "start_line": 657}, "BaseCorpus.t": {"executed_lines": [], "summary": {"covered_lines": 0, "num_statements": 19, "percent_covered": 0.0, "percent_covered_display": "0", "missing_lines": 19, "excluded_lines": 0, "percent_statements_covered": 0.0, "percent_statements_covered_display": "0"}, "missing_lines": [674, 675, 676, 677, 681, 682, 683, 684, 687, 688, 689, 690, 691, 692, 694, 695, 696, 698, 699], "excluded_lines": [], "start_line": 662}, "BaseCorpus._cached_id_list": {"executed_lines": [], "summary": {"covered_lines": 0, "num_statements": 14, "percent_covered": 0.0, "percent_covered_display": "0", "missing_lines": 14, "excluded_lines": 0, "percent_statements_covered": 0.0, "percent_statements_covered_display": "0"}, "missing_lines": [703, 704, 705, 706, 707, 708, 709, 710, 711, 712, 713, 714, 715, 716], "excluded_lines": [], "start_line": 701}, "BaseCorpus.textd": {"executed_lines": [725, 726], "summary": {"covered_lines": 2, "num_statements": 2, "percent_covered": 100.0, "percent_covered_display": "100", "missing_lines": 0, "excluded_lines": 0, "percent_statements_covered": 100.0, "percent_statements_covered_display": "100"}, "missing_lines": [], "excluded_lines": [], "start_line": 723}, "BaseCorpus.texts": {"executed_lines": [729], "summary": {"covered_lines": 1, "num_statements": 1, "percent_covered": 100.0, "percent_covered_display": "100", "missing_lines": 0, "excluded_lines": 0, "percent_statements_covered": 100.0, "percent_statements_covered_display": "100"}, "missing_lines": [], "excluded_lines": [], "start_line": 728}, "BaseCorpus.itexts": {"executed_lines": [730], "summary": {"covered_lines": 1, "num_statements": 1, "percent_covered": 100.0, "percent_covered_display": "100", "missing_lines": 0, "excluded_lines": 0, "percent_statements_covered": 100.0, "percent_statements_covered_display": "100"}, "missing_lines": [], "excluded_lines": [], "start_line": 730}, "BaseCorpus.iter_texts": {"executed_lines": [733, 734, 735, 736, 737, 738, 741, 742, 743, 744], "summary": {"covered_lines": 10, "num_statements": 11, "percent_covered": 90.9090909090909, "percent_covered_display": "91", "missing_lines": 1, "excluded_lines": 0, "percent_statements_covered": 90.9090909090909, "percent_statements_covered_display": "91"}, "missing_lines": [739], "excluded_lines": [], "start_line": 732}, "BaseCorpus.corpus_texts": {"executed_lines": [746], "summary": {"covered_lines": 1, "num_statements": 1, "percent_covered": 100.0, "percent_covered_display": "100", "missing_lines": 0, "excluded_lines": 0, "percent_statements_covered": 100.0, "percent_statements_covered_display": "100"}, "missing_lines": [], "excluded_lines": [], "start_line": 746}, "BaseCorpus.num_texts": {"executed_lines": [750], "summary": {"covered_lines": 1, "num_statements": 1, "percent_covered": 100.0, "percent_covered_display": "100", "missing_lines": 0, "excluded_lines": 0, "percent_statements_covered": 100.0, "percent_statements_covered_display": "100"}, "missing_lines": [], "excluded_lines": [], "start_line": 750}, "BaseCorpus.text_ids": {"executed_lines": [752], "summary": {"covered_lines": 1, "num_statements": 1, "percent_covered": 100.0, "percent_covered_display": "100", "missing_lines": 0, "excluded_lines": 0, "percent_statements_covered": 100.0, "percent_statements_covered_display": "100"}, "missing_lines": [], "excluded_lines": [], "start_line": 752}, "BaseCorpus.au": {"executed_lines": [763], "summary": {"covered_lines": 1, "num_statements": 1, "percent_covered": 100.0, "percent_covered_display": "100", "missing_lines": 0, "excluded_lines": 0, "percent_statements_covered": 100.0, "percent_statements_covered_display": "100"}, "missing_lines": [], "excluded_lines": [], "start_line": 763}, "BaseCorpus.authors": {"executed_lines": [], "summary": {"covered_lines": 0, "num_statements": 14, "percent_covered": 0.0, "percent_covered_display": "0", "missing_lines": 14, "excluded_lines": 0, "percent_statements_covered": 0.0, "percent_statements_covered_display": "0"}, "missing_lines": [767, 768, 769, 770, 771, 772, 773, 774, 775, 777, 778, 779, 780, 781], "excluded_lines": [], "start_line": 766}, "BaseCorpus.iter_init": {"executed_lines": [788, 791, 792, 795, 796, 797, 799, 800, 803, 805, 806, 807, 811, 812, 813, 815, 816, 819, 821, 822, 823, 827, 828, 829, 830, 831], "summary": {"covered_lines": 26, "num_statements": 34, "percent_covered": 76.47058823529412, "percent_covered_display": "76", "missing_lines": 8, "excluded_lines": 0, "percent_statements_covered": 76.47058823529412, "percent_statements_covered_display": "76"}, "missing_lines": [793, 808, 814, 817, 820, 824, 825, 826], "excluded_lines": [], "start_line": 786}, "BaseCorpus.init_": {"executed_lines": [], "summary": {"covered_lines": 0, "num_statements": 3, "percent_covered": 0.0, "percent_covered_display": "0", "missing_lines": 3, "excluded_lines": 0, "percent_statements_covered": 0.0, "percent_statements_covered_display": "0"}, "missing_lines": [834, 835, 836], "excluded_lines": [], "start_line": 833}, "BaseCorpus.init": {"executed_lines": [840, 841, 842], "summary": {"covered_lines": 3, "num_statements": 3, "percent_covered": 100.0, "percent_covered_display": "100", "missing_lines": 0, "excluded_lines": 0, "percent_statements_covered": 100.0, "percent_statements_covered_display": "100"}, "missing_lines": [], "excluded_lines": [], "start_line": 839}, "BaseCorpus.metadata": {"executed_lines": [858, 859, 860, 862, 863, 864, 865, 890, 891, 893], "summary": {"covered_lines": 10, "num_statements": 17, "percent_covered": 58.8235294117647, "percent_covered_display": "59", "missing_lines": 7, "excluded_lines": 0, "percent_statements_covered": 58.8235294117647, "percent_statements_covered_display": "59"}, "missing_lines": [868, 869, 884, 885, 886, 887, 888], "excluded_lines": [], "start_line": 844}, "BaseCorpus.meta": {"executed_lines": [896], "summary": {"covered_lines": 1, "num_statements": 1, "percent_covered": 100.0, "percent_covered_display": "100", "missing_lines": 0, "excluded_lines": 0, "percent_statements_covered": 100.0, "percent_statements_covered_display": "100"}, "missing_lines": [], "excluded_lines": [], "start_line": 896}, "BaseCorpus.metadf": {"executed_lines": [898], "summary": {"covered_lines": 1, "num_statements": 1, "percent_covered": 100.0, "percent_covered_display": "100", "missing_lines": 0, "excluded_lines": 0, "percent_statements_covered": 100.0, "percent_statements_covered_display": "100"}, "missing_lines": [], "excluded_lines": [], "start_line": 898}, "BaseCorpus.df": {"executed_lines": [900], "summary": {"covered_lines": 1, "num_statements": 1, "percent_covered": 100.0, "percent_covered_display": "100", "missing_lines": 0, "excluded_lines": 0, "percent_statements_covered": 100.0, "percent_statements_covered_display": "100"}, "missing_lines": [], "excluded_lines": [], "start_line": 900}, "BaseCorpus.addr2meta": {"executed_lines": [], "summary": {"covered_lines": 0, "num_statements": 6, "percent_covered": 0.0, "percent_covered_display": "0", "missing_lines": 6, "excluded_lines": 0, "percent_statements_covered": 0.0, "percent_statements_covered_display": "0"}, "missing_lines": [905, 906, 907, 908, 909, 910], "excluded_lines": [], "start_line": 904}, "BaseCorpus.metad": {"executed_lines": [], "summary": {"covered_lines": 0, "num_statements": 3, "percent_covered": 0.0, "percent_covered_display": "0", "missing_lines": 3, "excluded_lines": 0, "percent_statements_covered": 0.0, "percent_statements_covered_display": "0"}, "missing_lines": [914, 915, 916], "excluded_lines": [], "start_line": 913}, "BaseCorpus.iter_sources": {"executed_lines": [], "summary": {"covered_lines": 0, "num_statements": 3, "percent_covered": 0.0, "percent_covered_display": "0", "missing_lines": 3, "excluded_lines": 0, "percent_statements_covered": 0.0, "percent_statements_covered_display": "0"}, "missing_lines": [927, 928, 929], "excluded_lines": [], "start_line": 926}, "BaseCorpus.get_sources": {"executed_lines": [], "summary": {"covered_lines": 0, "num_statements": 1, "percent_covered": 0.0, "percent_covered_display": "0", "missing_lines": 1, "excluded_lines": 0, "percent_statements_covered": 0.0, "percent_statements_covered_display": "0"}, "missing_lines": [932], "excluded_lines": [], "start_line": 931}, "BaseCorpus.zip": {"executed_lines": [], "summary": {"covered_lines": 0, "num_statements": 17, "percent_covered": 0.0, "percent_covered_display": "0", "missing_lines": 17, "excluded_lines": 0, "percent_statements_covered": 0.0, "percent_statements_covered_display": "0"}, "missing_lines": [943, 944, 945, 947, 948, 949, 950, 951, 952, 953, 954, 956, 958, 980, 999, 1000, 1001], "excluded_lines": [], "start_line": 942}, "BaseCorpus.zip._collect_paths": {"executed_lines": [], "summary": {"covered_lines": 0, "num_statements": 17, "percent_covered": 0.0, "percent_covered_display": "0", "missing_lines": 17, "excluded_lines": 0, "percent_statements_covered": 0.0, "percent_statements_covered_display": "0"}, "missing_lines": [960, 961, 963, 964, 965, 966, 967, 968, 969, 971, 972, 973, 974, 975, 976, 977, 978], "excluded_lines": [], "start_line": 958}, "BaseCorpus.zip.do_zip": {"executed_lines": [], "summary": {"covered_lines": 0, "num_statements": 12, "percent_covered": 0.0, "percent_covered_display": "0", "missing_lines": 12, "excluded_lines": 0, "percent_statements_covered": 0.0, "percent_statements_covered_display": "0"}, "missing_lines": [981, 982, 983, 984, 986, 987, 990, 992, 993, 994, 995, 997], "excluded_lines": [], "start_line": 980}, "BaseCorpus.uninstall": {"executed_lines": [], "summary": {"covered_lines": 0, "num_statements": 1, "percent_covered": 0.0, "percent_covered_display": "0", "missing_lines": 1, "excluded_lines": 0, "percent_statements_covered": 0.0, "percent_statements_covered_display": "0"}, "missing_lines": [1006], "excluded_lines": [], "start_line": 1004}, "BaseCorpus._dropbox_cmd": {"executed_lines": [], "summary": {"covered_lines": 0, "num_statements": 6, "percent_covered": 0.0, "percent_covered_display": "0", "missing_lines": 6, "excluded_lines": 0, "percent_statements_covered": 0.0, "percent_statements_covered_display": "0"}, "missing_lines": [1012, 1014, 1015, 1017, 1018, 1019], "excluded_lines": [], "start_line": 1010}, "BaseCorpus.upload": {"executed_lines": [], "summary": {"covered_lines": 0, "num_statements": 17, "percent_covered": 0.0, "percent_covered_display": "0", "missing_lines": 17, "excluded_lines": 0, "percent_statements_covered": 0.0, "percent_statements_covered_display": "0"}, "missing_lines": [1022, 1023, 1024, 1025, 1026, 1027, 1028, 1029, 1030, 1031, 1032, 1033, 1034, 1035, 1036, 1037, 1038], "excluded_lines": [], "start_line": 1021}, "BaseCorpus.share": {"executed_lines": [], "summary": {"covered_lines": 0, "num_statements": 23, "percent_covered": 0.0, "percent_covered_display": "0", "missing_lines": 23, "excluded_lines": 0, "percent_statements_covered": 0.0, "percent_statements_covered_display": "0"}, "missing_lines": [1042, 1043, 1044, 1045, 1046, 1047, 1048, 1049, 1050, 1051, 1052, 1053, 1054, 1055, 1057, 1058, 1059, 1060, 1062, 1063, 1064, 1065, 1066], "excluded_lines": [], "start_line": 1040}, "BaseCorpus.publish": {"executed_lines": [], "summary": {"covered_lines": 0, "num_statements": 25, "percent_covered": 0.0, "percent_covered_display": "0", "missing_lines": 25, "excluded_lines": 0, "percent_statements_covered": 0.0, "percent_statements_covered_display": "0"}, "missing_lines": [1080, 1081, 1082, 1083, 1084, 1085, 1086, 1087, 1088, 1089, 1092, 1093, 1096, 1097, 1100, 1101, 1102, 1103, 1104, 1107, 1108, 1111, 1118, 1119, 1124], "excluded_lines": [], "start_line": 1068}, "BaseCorpus._update_manifest": {"executed_lines": [], "summary": {"covered_lines": 0, "num_statements": 23, "percent_covered": 0.0, "percent_covered_display": "0", "missing_lines": 23, "excluded_lines": 0, "percent_statements_covered": 0.0, "percent_statements_covered_display": "0"}, "missing_lines": [1128, 1129, 1130, 1131, 1132, 1134, 1135, 1136, 1138, 1139, 1140, 1142, 1143, 1144, 1146, 1147, 1148, 1149, 1151, 1152, 1153, 1155, 1156], "excluded_lines": [], "start_line": 1126}, "BaseCorpus.get_tqdm": {"executed_lines": [], "summary": {"covered_lines": 0, "num_statements": 2, "percent_covered": 0.0, "percent_covered_display": "0", "missing_lines": 2, "excluded_lines": 0, "percent_statements_covered": 0.0, "percent_statements_covered_display": "0"}, "missing_lines": [1159, 1160], "excluded_lines": [], "start_line": 1158}, "BaseCorpus.mkdir_root": {"executed_lines": [], "summary": {"covered_lines": 0, "num_statements": 1, "percent_covered": 0.0, "percent_covered_display": "0", "missing_lines": 1, "excluded_lines": 0, "percent_statements_covered": 0.0, "percent_statements_covered_display": "0"}, "missing_lines": [1164], "excluded_lines": [], "start_line": 1163}, "BaseCorpus.urls": {"executed_lines": [1168, 1169], "summary": {"covered_lines": 2, "num_statements": 2, "percent_covered": 100.0, "percent_covered_display": "100", "missing_lines": 0, "excluded_lines": 0, "percent_statements_covered": 100.0, "percent_statements_covered_display": "100"}, "missing_lines": [], "excluded_lines": [], "start_line": 1167}, "BaseCorpus.compile": {"executed_lines": [], "summary": {"covered_lines": 0, "num_statements": 1, "percent_covered": 0.0, "percent_covered_display": "0", "missing_lines": 1, "excluded_lines": 0, "percent_statements_covered": 0.0, "percent_statements_covered_display": "0"}, "missing_lines": [1175], "excluded_lines": [], "start_line": 1173}, "BaseCorpus.info": {"executed_lines": [], "summary": {"covered_lines": 0, "num_statements": 7, "percent_covered": 0.0, "percent_covered_display": "0", "missing_lines": 7, "excluded_lines": 0, "percent_statements_covered": 0.0, "percent_statements_covered_display": "0"}, "missing_lines": [1178, 1179, 1180, 1181, 1182, 1183, 1184], "excluded_lines": [], "start_line": 1177}, "BaseCorpus.install_metadata": {"executed_lines": [1192], "summary": {"covered_lines": 1, "num_statements": 1, "percent_covered": 100.0, "percent_covered_display": "100", "missing_lines": 0, "excluded_lines": 0, "percent_statements_covered": 100.0, "percent_statements_covered_display": "100"}, "missing_lines": [], "excluded_lines": [], "start_line": 1186}, "BaseCorpus.install": {"executed_lines": [1200, 1201, 1202, 1205, 1206, 1207, 1208, 1209, 1210, 1211, 1212], "summary": {"covered_lines": 11, "num_statements": 26, "percent_covered": 42.30769230769231, "percent_covered_display": "42", "missing_lines": 15, "excluded_lines": 0, "percent_statements_covered": 42.30769230769231, "percent_statements_covered_display": "42"}, "missing_lines": [1203, 1204, 1214, 1215, 1216, 1217, 1218, 1219, 1220, 1221, 1222, 1223, 1224, 1225, 1228], "excluded_lines": [], "start_line": 1199}, "BaseCorpus.path_zip": {"executed_lines": [1231], "summary": {"covered_lines": 1, "num_statements": 1, "percent_covered": 100.0, "percent_covered_display": "100", "missing_lines": 0, "excluded_lines": 0, "percent_statements_covered": 100.0, "percent_statements_covered_display": "100"}, "missing_lines": [], "excluded_lines": [], "start_line": 1230}, "BaseCorpus.get_path_text": {"executed_lines": [1233], "summary": {"covered_lines": 1, "num_statements": 1, "percent_covered": 100.0, "percent_covered_display": "100", "missing_lines": 0, "excluded_lines": 0, "percent_statements_covered": 100.0, "percent_statements_covered_display": "100"}, "missing_lines": [], "excluded_lines": [], "start_line": 1233}, "BaseCorpus.compile_download": {"executed_lines": [], "summary": {"covered_lines": 0, "num_statements": 1, "percent_covered": 0.0, "percent_covered_display": "0", "missing_lines": 1, "excluded_lines": 0, "percent_statements_covered": 0.0, "percent_statements_covered_display": "0"}, "missing_lines": [1237], "excluded_lines": [], "start_line": 1236}, "BaseCorpus.preprocess": {"executed_lines": [], "summary": {"covered_lines": 0, "num_statements": 13, "percent_covered": 0.0, "percent_covered_display": "0", "missing_lines": 13, "excluded_lines": 0, "percent_statements_covered": 0.0, "percent_statements_covered_display": "0"}, "missing_lines": [1240, 1241, 1242, 1243, 1244, 1245, 1246, 1247, 1248, 1249, 1250, 1251, 1252], "excluded_lines": [], "start_line": 1239}, "BaseCorpus.preprocess_misc": {"executed_lines": [1254], "summary": {"covered_lines": 1, "num_statements": 1, "percent_covered": 100.0, "percent_covered_display": "100", "missing_lines": 0, "excluded_lines": 0, "percent_statements_covered": 100.0, "percent_statements_covered_display": "100"}, "missing_lines": [], "excluded_lines": [], "start_line": 1254}, "BaseCorpus.preprocess_gzip_txt": {"executed_lines": [], "summary": {"covered_lines": 0, "num_statements": 16, "percent_covered": 0.0, "percent_covered_display": "0", "missing_lines": 16, "excluded_lines": 0, "percent_statements_covered": 0.0, "percent_statements_covered_display": "0"}, "missing_lines": [1262, 1263, 1265, 1266, 1267, 1268, 1270, 1276, 1277, 1278, 1280, 1282, 1292, 1293, 1294, 1300], "excluded_lines": [], "start_line": 1256}, "BaseCorpus.preprocess_gzip_txt._gzip_file": {"executed_lines": [], "summary": {"covered_lines": 0, "num_statements": 8, "percent_covered": 0.0, "percent_covered_display": "0", "missing_lines": 8, "excluded_lines": 0, "percent_statements_covered": 0.0, "percent_statements_covered_display": "0"}, "missing_lines": [1283, 1284, 1285, 1286, 1287, 1288, 1289, 1290], "excluded_lines": [], "start_line": 1282}, "BaseCorpus.has_data": {"executed_lines": [], "summary": {"covered_lines": 0, "num_statements": 6, "percent_covered": 0.0, "percent_covered_display": "0", "missing_lines": 6, "excluded_lines": 0, "percent_statements_covered": 0.0, "percent_statements_covered_display": "0"}, "missing_lines": [1304, 1305, 1306, 1307, 1308, 1311], "excluded_lines": [], "start_line": 1302}, "BaseCorpus.has_url": {"executed_lines": [], "summary": {"covered_lines": 0, "num_statements": 4, "percent_covered": 0.0, "percent_covered_display": "0", "missing_lines": 4, "excluded_lines": 0, "percent_statements_covered": 0.0, "percent_statements_covered_display": "0"}, "missing_lines": [1316, 1317, 1318, 1319], "excluded_lines": [], "start_line": 1315}, "BaseCorpus.export": {"executed_lines": [], "summary": {"covered_lines": 0, "num_statements": 15, "percent_covered": 0.0, "percent_covered_display": "0", "missing_lines": 15, "excluded_lines": 0, "percent_statements_covered": 0.0, "percent_statements_covered_display": "0"}, "missing_lines": [1331, 1332, 1333, 1336, 1337, 1340, 1341, 1342, 1343, 1344, 1345, 1346, 1347, 1348, 1349], "excluded_lines": [], "start_line": 1327}, "BaseCorpus.path_mfw": {"executed_lines": [], "summary": {"covered_lines": 0, "num_statements": 1, "percent_covered": 0.0, "percent_covered_display": "0", "missing_lines": 1, "excluded_lines": 0, "percent_statements_covered": 0.0, "percent_statements_covered_display": "0"}, "missing_lines": [1354], "excluded_lines": [], "start_line": 1353}, "BaseCorpus.path_dtm": {"executed_lines": [], "summary": {"covered_lines": 0, "num_statements": 1, "percent_covered": 0.0, "percent_covered_display": "0", "missing_lines": 1, "excluded_lines": 0, "percent_statements_covered": 0.0, "percent_statements_covered_display": "0"}, "missing_lines": [1357], "excluded_lines": [], "start_line": 1356}, "BaseCorpus.mfw": {"executed_lines": [1360, 1361, 1362, 1364, 1365, 1366, 1367, 1368, 1369, 1371, 1372, 1373], "summary": {"covered_lines": 12, "num_statements": 12, "percent_covered": 100.0, "percent_covered_display": "100", "missing_lines": 0, "excluded_lines": 0, "percent_statements_covered": 100.0, "percent_statements_covered_display": "100"}, "missing_lines": [], "excluded_lines": [], "start_line": 1359}, "BaseCorpus.dtm": {"executed_lines": [1376, 1377, 1379, 1380, 1381, 1382, 1383, 1384, 1386, 1388, 1391, 1392, 1393, 1394, 1395, 1397], "summary": {"covered_lines": 16, "num_statements": 18, "percent_covered": 88.88888888888889, "percent_covered_display": "89", "missing_lines": 2, "excluded_lines": 0, "percent_statements_covered": 88.88888888888889, "percent_statements_covered_display": "89"}, "missing_lines": [1389, 1390], "excluded_lines": [], "start_line": 1375}, "BaseCorpus.find_duplicates": {"executed_lines": [1407, 1408, 1410, 1411, 1415, 1416, 1419, 1420, 1421, 1424, 1425, 1426, 1427, 1428, 1429, 1430, 1431, 1432, 1433, 1434, 1435, 1437, 1438, 1439, 1440], "summary": {"covered_lines": 25, "num_statements": 26, "percent_covered": 96.15384615384616, "percent_covered_display": "96", "missing_lines": 1, "excluded_lines": 0, "percent_statements_covered": 96.15384615384616, "percent_statements_covered_display": "96"}, "missing_lines": [1412], "excluded_lines": [], "start_line": 1399}, "BaseCorpus.path_home": {"executed_lines": [], "summary": {"covered_lines": 0, "num_statements": 1, "percent_covered": 0.0, "percent_covered_display": "0", "missing_lines": 1, "excluded_lines": 0, "percent_statements_covered": 0.0, "percent_statements_covered_display": "0"}, "missing_lines": [1444], "excluded_lines": [], "start_line": 1443}, "BaseCorpus.path_texts": {"executed_lines": [1447], "summary": {"covered_lines": 1, "num_statements": 1, "percent_covered": 100.0, "percent_covered_display": "100", "missing_lines": 0, "excluded_lines": 0, "percent_statements_covered": 100.0, "percent_statements_covered_display": "100"}, "missing_lines": [], "excluded_lines": [], "start_line": 1446}, "SectionCorpus.init": {"executed_lines": [1464, 1465], "summary": {"covered_lines": 2, "num_statements": 2, "percent_covered": 100.0, "percent_covered_display": "100", "missing_lines": 0, "excluded_lines": 0, "percent_statements_covered": 100.0, "percent_statements_covered_display": "100"}, "missing_lines": [], "excluded_lines": [], "start_line": 1463}, "SectionCorpus.parse_sections": {"executed_lines": [1468, 1469, 1470, 1471, 1473, 1474, 1476, 1477, 1479, 1480, 1481, 1483, 1484, 1485, 1486, 1488, 1489, 1490, 1492, 1493, 1494, 1495, 1502, 1504], "summary": {"covered_lines": 24, "num_statements": 24, "percent_covered": 100.0, "percent_covered_display": "100", "missing_lines": 0, "excluded_lines": 0, "percent_statements_covered": 100.0, "percent_statements_covered_display": "100"}, "missing_lines": [], "excluded_lines": [], "start_line": 1467}, "SectionCorpus._find_div_tag": {"executed_lines": [1510, 1511, 1512, 1513, 1514, 1515], "summary": {"covered_lines": 6, "num_statements": 6, "percent_covered": 100.0, "percent_covered_display": "100", "missing_lines": 0, "excluded_lines": 0, "percent_statements_covered": 100.0, "percent_statements_covered_display": "100"}, "missing_lines": [], "excluded_lines": [], "start_line": 1506}, "SectionCorpus._extract_title": {"executed_lines": [1518, 1519, 1520, 1530, 1531, 1532, 1533, 1534], "summary": {"covered_lines": 8, "num_statements": 16, "percent_covered": 50.0, "percent_covered_display": "50", "missing_lines": 8, "excluded_lines": 0, "percent_statements_covered": 50.0, "percent_statements_covered_display": "50"}, "missing_lines": [1521, 1523, 1524, 1526, 1527, 1528, 1536, 1537], "excluded_lines": [], "start_line": 1517}, "SectionCorpus.source": {"executed_lines": [1540], "summary": {"covered_lines": 1, "num_statements": 1, "percent_covered": 100.0, "percent_covered_display": "100", "missing_lines": 0, "excluded_lines": 0, "percent_statements_covered": 100.0, "percent_statements_covered_display": "100"}, "missing_lines": [], "excluded_lines": [], "start_line": 1540}, "SectionCorpus.path": {"executed_lines": [1543], "summary": {"covered_lines": 1, "num_statements": 1, "percent_covered": 100.0, "percent_covered_display": "100", "missing_lines": 0, "excluded_lines": 0, "percent_statements_covered": 100.0, "percent_statements_covered_display": "100"}, "missing_lines": [], "excluded_lines": [], "start_line": 1542}, "SectionCorpus.path_": {"executed_lines": [], "summary": {"covered_lines": 0, "num_statements": 1, "percent_covered": 0.0, "percent_covered_display": "0", "missing_lines": 1, "excluded_lines": 0, "percent_statements_covered": 0.0, "percent_statements_covered_display": "0"}, "missing_lines": [1545], "excluded_lines": [], "start_line": 1544}, "SectionCorpus.addr": {"executed_lines": [1547], "summary": {"covered_lines": 1, "num_statements": 1, "percent_covered": 100.0, "percent_covered_display": "100", "missing_lines": 0, "excluded_lines": 0, "percent_statements_covered": 100.0, "percent_statements_covered_display": "100"}, "missing_lines": [], "excluded_lines": [], "start_line": 1547}, "SectionCorpus.get_section_class": {"executed_lines": [1548], "summary": {"covered_lines": 1, "num_statements": 1, "percent_covered": 100.0, "percent_covered_display": "100", "missing_lines": 0, "excluded_lines": 0, "percent_statements_covered": 100.0, "percent_statements_covered_display": "100"}, "missing_lines": [], "excluded_lines": [], "start_line": 1548}, "SectionCorpus.init_text": {"executed_lines": [1551, 1552, 1553, 1554, 1555, 1557, 1558], "summary": {"covered_lines": 7, "num_statements": 7, "percent_covered": 100.0, "percent_covered_display": "100", "missing_lines": 0, "excluded_lines": 0, "percent_statements_covered": 100.0, "percent_statements_covered_display": "100"}, "missing_lines": [], "excluded_lines": [], "start_line": 1550}, "SectionCorpus.texts": {"executed_lines": [1561, 1562], "summary": {"covered_lines": 2, "num_statements": 2, "percent_covered": 100.0, "percent_covered_display": "100", "missing_lines": 0, "excluded_lines": 0, "percent_statements_covered": 100.0, "percent_statements_covered_display": "100"}, "missing_lines": [], "excluded_lines": [], "start_line": 1560}, "SectionCorpus.txt": {"executed_lines": [1565], "summary": {"covered_lines": 1, "num_statements": 1, "percent_covered": 100.0, "percent_covered_display": "100", "missing_lines": 0, "excluded_lines": 0, "percent_statements_covered": 100.0, "percent_statements_covered_display": "100"}, "missing_lines": [], "excluded_lines": [], "start_line": 1565}, "SectionCorpus.get_txt": {"executed_lines": [], "summary": {"covered_lines": 0, "num_statements": 17, "percent_covered": 0.0, "percent_covered_display": "0", "missing_lines": 17, "excluded_lines": 0, "percent_statements_covered": 0.0, "percent_statements_covered_display": "0"}, "missing_lines": [1568, 1569, 1570, 1571, 1572, 1573, 1574, 1575, 1576, 1577, 1578, 1579, 1580, 1581, 1582, 1583, 1584], "excluded_lines": [], "start_line": 1567}, "ParagraphSectionCorpus.parse_sections": {"executed_lines": [1591, 1592, 1595, 1596, 1618, 1619, 1620, 1621, 1622, 1623, 1624, 1631], "summary": {"covered_lines": 12, "num_statements": 25, "percent_covered": 48.0, "percent_covered_display": "48", "missing_lines": 13, "excluded_lines": 0, "percent_statements_covered": 48.0, "percent_statements_covered_display": "48"}, "missing_lines": [1597, 1598, 1599, 1600, 1601, 1602, 1603, 1604, 1605, 1606, 1607, 1614, 1615], "excluded_lines": [], "start_line": 1590}, "PassageSectionCorpus.__init__": {"executed_lines": [1638, 1639], "summary": {"covered_lines": 2, "num_statements": 2, "percent_covered": 100.0, "percent_covered_display": "100", "missing_lines": 0, "excluded_lines": 0, "percent_statements_covered": 100.0, "percent_statements_covered_display": "100"}, "missing_lines": [], "excluded_lines": [], "start_line": 1637}, "PassageSectionCorpus.parse_sections": {"executed_lines": [1642, 1643, 1644, 1645, 1646, 1648, 1649, 1650, 1652, 1653, 1654, 1655, 1657, 1658, 1659, 1660, 1661, 1663, 1664, 1665, 1666, 1673, 1674, 1675, 1678, 1679, 1680, 1681, 1689], "summary": {"covered_lines": 29, "num_statements": 29, "percent_covered": 100.0, "percent_covered_display": "100", "missing_lines": 0, "excluded_lines": 0, "percent_statements_covered": 100.0, "percent_statements_covered_display": "100"}, "missing_lines": [], "excluded_lines": [], "start_line": 1641}, "Corpus": {"executed_lines": [1697, 1699, 1700, 1701, 1712, 1714, 1715, 1716, 1718, 1721, 1722], "summary": {"covered_lines": 11, "num_statements": 19, "percent_covered": 57.89473684210526, "percent_covered_display": "58", "missing_lines": 8, "excluded_lines": 0, "percent_statements_covered": 57.89473684210526, "percent_statements_covered_display": "58"}, "missing_lines": [1703, 1704, 1706, 1707, 1708, 1710, 1717, 1719], "excluded_lines": [], "start_line": 1694}, "": {"executed_lines": [1, 2, 3, 4, 5, 7, 8, 10, 11, 13, 52, 70, 77, 78, 79, 80, 81, 82, 83, 84, 85, 86, 87, 89, 90, 91, 92, 93, 94, 95, 96, 97, 98, 99, 100, 101, 102, 103, 106, 107, 120, 172, 178, 184, 201, 218, 219, 224, 226, 236, 240, 241, 248, 249, 260, 265, 268, 283, 288, 290, 298, 328, 339, 351, 352, 356, 397, 458, 541, 545, 569, 577, 604, 618, 629, 636, 643, 645, 656, 657, 661, 662, 701, 722, 723, 728, 732, 749, 751, 762, 765, 766, 786, 833, 839, 844, 895, 897, 899, 903, 904, 912, 913, 926, 931, 942, 1004, 1009, 1010, 1021, 1040, 1068, 1126, 1158, 1163, 1167, 1173, 1177, 1186, 1199, 1230, 1236, 1239, 1256, 1302, 1315, 1327, 1352, 1353, 1355, 1356, 1359, 1375, 1399, 1442, 1443, 1445, 1446, 1458, 1459, 1460, 1461, 1463, 1467, 1506, 1517, 1539, 1541, 1542, 1544, 1546, 1550, 1560, 1564, 1567, 1587, 1588, 1590, 1634, 1635, 1637, 1641, 1692, 1694], "summary": {"covered_lines": 164, "num_statements": 164, "percent_covered": 100.0, "percent_covered_display": "100", "missing_lines": 0, "excluded_lines": 0, "percent_statements_covered": 100.0, "percent_statements_covered_display": "100"}, "missing_lines": [], "excluded_lines": [], "start_line": 1}}, "classes": {"BaseCorpus": {"executed_lines": [130, 131, 132, 133, 134, 135, 136, 137, 138, 139, 140, 141, 142, 144, 145, 148, 149, 150, 151, 152, 153, 154, 156, 157, 158, 159, 162, 163, 164, 165, 166, 169, 170, 173, 174, 176, 177, 181, 185, 186, 187, 202, 204, 205, 206, 207, 208, 209, 210, 214, 215, 220, 221, 222, 225, 227, 237, 238, 275, 276, 284, 286, 289, 291, 353, 354, 357, 358, 359, 360, 361, 364, 365, 366, 367, 368, 369, 370, 371, 373, 374, 379, 380, 381, 382, 383, 384, 385, 388, 389, 393, 394, 398, 399, 402, 403, 406, 407, 409, 410, 414, 415, 419, 422, 423, 426, 429, 432, 433, 434, 442, 443, 446, 449, 509, 510, 513, 516, 518, 519, 522, 525, 526, 529, 535, 538, 539, 542, 561, 563, 564, 565, 583, 584, 586, 593, 598, 599, 600, 601, 620, 621, 622, 624, 625, 626, 631, 632, 633, 634, 646, 725, 726, 729, 730, 733, 734, 735, 736, 737, 738, 741, 742, 743, 744, 746, 750, 752, 763, 788, 791, 792, 795, 796, 797, 799, 800, 803, 805, 806, 807, 811, 812, 813, 815, 816, 819, 821, 822, 823, 827, 828, 829, 830, 831, 840, 841, 842, 858, 859, 860, 862, 863, 864, 865, 890, 891, 893, 896, 898, 900, 1168, 1169, 1192, 1200, 1201, 1202, 1205, 1206, 1207, 1208, 1209, 1210, 1211, 1212, 1231, 1233, 1254, 1360, 1361, 1362, 1364, 1365, 1366, 1367, 1368, 1369, 1371, 1372, 1373, 1376, 1377, 1379, 1380, 1381, 1382, 1383, 1384, 1386, 1388, 1391, 1392, 1393, 1394, 1395, 1397, 1407, 1408, 1410, 1411, 1415, 1416, 1419, 1420, 1421, 1424, 1425, 1426, 1427, 1428, 1429, 1430, 1431, 1432, 1433, 1434, 1435, 1437, 1438, 1439, 1440, 1447], "summary": {"covered_lines": 282, "num_statements": 693, "percent_covered": 40.692640692640694, "percent_covered_display": "41", "missing_lines": 411, "excluded_lines": 1, "percent_statements_covered": 40.692640692640694, "percent_statements_covered_display": "41"}, "missing_lines": [179, 180, 203, 211, 212, 242, 243, 244, 250, 251, 252, 254, 255, 256, 257, 261, 262, 263, 269, 270, 271, 272, 273, 300, 301, 302, 304, 305, 306, 308, 309, 310, 311, 312, 314, 315, 316, 318, 319, 322, 323, 324, 325, 330, 331, 332, 333, 334, 335, 336, 337, 340, 341, 342, 343, 344, 345, 346, 347, 348, 372, 375, 376, 390, 391, 400, 404, 408, 411, 416, 417, 447, 570, 571, 572, 573, 574, 587, 588, 589, 590, 605, 606, 607, 608, 609, 610, 612, 613, 614, 615, 637, 638, 639, 644, 658, 674, 675, 676, 677, 681, 682, 683, 684, 687, 688, 689, 690, 691, 692, 694, 695, 696, 698, 699, 703, 704, 705, 706, 707, 708, 709, 710, 711, 712, 713, 714, 715, 716, 739, 767, 768, 769, 770, 771, 772, 773, 774, 775, 777, 778, 779, 780, 781, 793, 808, 814, 817, 820, 824, 825, 826, 834, 835, 836, 868, 869, 884, 885, 886, 887, 888, 905, 906, 907, 908, 909, 910, 914, 915, 916, 927, 928, 929, 932, 943, 944, 945, 947, 948, 949, 950, 951, 952, 953, 954, 956, 958, 960, 961, 963, 964, 965, 966, 967, 968, 969, 971, 972, 973, 974, 975, 976, 977, 978, 980, 981, 982, 983, 984, 986, 987, 990, 992, 993, 994, 995, 997, 999, 1000, 1001, 1006, 1012, 1014, 1015, 1017, 1018, 1019, 1022, 1023, 1024, 1025, 1026, 1027, 1028, 1029, 1030, 1031, 1032, 1033, 1034, 1035, 1036, 1037, 1038, 1042, 1043, 1044, 1045, 1046, 1047, 1048, 1049, 1050, 1051, 1052, 1053, 1054, 1055, 1057, 1058, 1059, 1060, 1062, 1063, 1064, 1065, 1066, 1080, 1081, 1082, 1083, 1084, 1085, 1086, 1087, 1088, 1089, 1092, 1093, 1096, 1097, 1100, 1101, 1102, 1103, 1104, 1107, 1108, 1111, 1118, 1119, 1124, 1128, 1129, 1130, 1131, 1132, 1134, 1135, 1136, 1138, 1139, 1140, 1142, 1143, 1144, 1146, 1147, 1148, 1149, 1151, 1152, 1153, 1155, 1156, 1159, 1160, 1164, 1175, 1178, 1179, 1180, 1181, 1182, 1183, 1184, 1203, 1204, 1214, 1215, 1216, 1217, 1218, 1219, 1220, 1221, 1222, 1223, 1224, 1225, 1228, 1237, 1240, 1241, 1242, 1243, 1244, 1245, 1246, 1247, 1248, 1249, 1250, 1251, 1252, 1262, 1263, 1265, 1266, 1267, 1268, 1270, 1276, 1277, 1278, 1280, 1282, 1283, 1284, 1285, 1286, 1287, 1288, 1289, 1290, 1292, 1293, 1294, 1300, 1304, 1305, 1306, 1307, 1308, 1311, 1316, 1317, 1318, 1319, 1331, 1332, 1333, 1336, 1337, 1340, 1341, 1342, 1343, 1344, 1345, 1346, 1347, 1348, 1349, 1354, 1357, 1389, 1390, 1412, 1444], "excluded_lines": [266], "start_line": 77}, "SectionCorpus": {"executed_lines": [1464, 1465, 1468, 1469, 1470, 1471, 1473, 1474, 1476, 1477, 1479, 1480, 1481, 1483, 1484, 1485, 1486, 1488, 1489, 1490, 1492, 1493, 1494, 1495, 1502, 1504, 1510, 1511, 1512, 1513, 1514, 1515, 1518, 1519, 1520, 1530, 1531, 1532, 1533, 1534, 1540, 1543, 1547, 1548, 1551, 1552, 1553, 1554, 1555, 1557, 1558, 1561, 1562, 1565], "summary": {"covered_lines": 54, "num_statements": 80, "percent_covered": 67.5, "percent_covered_display": "68", "missing_lines": 26, "excluded_lines": 0, "percent_statements_covered": 67.5, "percent_statements_covered_display": "68"}, "missing_lines": [1521, 1523, 1524, 1526, 1527, 1528, 1536, 1537, 1545, 1568, 1569, 1570, 1571, 1572, 1573, 1574, 1575, 1576, 1577, 1578, 1579, 1580, 1581, 1582, 1583, 1584], "excluded_lines": [], "start_line": 1458}, "ParagraphSectionCorpus": {"executed_lines": [1591, 1592, 1595, 1596, 1618, 1619, 1620, 1621, 1622, 1623, 1624, 1631], "summary": {"covered_lines": 12, "num_statements": 25, "percent_covered": 48.0, "percent_covered_display": "48", "missing_lines": 13, "excluded_lines": 0, "percent_statements_covered": 48.0, "percent_statements_covered_display": "48"}, "missing_lines": [1597, 1598, 1599, 1600, 1601, 1602, 1603, 1604, 1605, 1606, 1607, 1614, 1615], "excluded_lines": [], "start_line": 1587}, "PassageSectionCorpus": {"executed_lines": [1638, 1639, 1642, 1643, 1644, 1645, 1646, 1648, 1649, 1650, 1652, 1653, 1654, 1655, 1657, 1658, 1659, 1660, 1661, 1663, 1664, 1665, 1666, 1673, 1674, 1675, 1678, 1679, 1680, 1681, 1689], "summary": {"covered_lines": 31, "num_statements": 31, "percent_covered": 100.0, "percent_covered_display": "100", "missing_lines": 0, "excluded_lines": 0, "percent_statements_covered": 100.0, "percent_statements_covered_display": "100"}, "missing_lines": [], "excluded_lines": [], "start_line": 1634}, "": {"executed_lines": [1, 2, 3, 4, 5, 7, 8, 10, 11, 13, 52, 70, 77, 78, 79, 80, 81, 82, 83, 84, 85, 86, 87, 89, 90, 91, 92, 93, 94, 95, 96, 97, 98, 99, 100, 101, 102, 103, 106, 107, 120, 172, 178, 184, 201, 218, 219, 224, 226, 236, 240, 241, 248, 249, 260, 265, 268, 283, 288, 290, 298, 328, 339, 351, 352, 356, 397, 458, 541, 545, 569, 577, 604, 618, 629, 636, 643, 645, 656, 657, 661, 662, 701, 722, 723, 728, 732, 749, 751, 762, 765, 766, 786, 833, 839, 844, 895, 897, 899, 903, 904, 912, 913, 926, 931, 942, 1004, 1009, 1010, 1021, 1040, 1068, 1126, 1158, 1163, 1167, 1173, 1177, 1186, 1199, 1230, 1236, 1239, 1256, 1302, 1315, 1327, 1352, 1353, 1355, 1356, 1359, 1375, 1399, 1442, 1443, 1445, 1446, 1458, 1459, 1460, 1461, 1463, 1467, 1506, 1517, 1539, 1541, 1542, 1544, 1546, 1550, 1560, 1564, 1567, 1587, 1588, 1590, 1634, 1635, 1637, 1641, 1692, 1694, 1697, 1699, 1700, 1701, 1712, 1714, 1715, 1716, 1718, 1721, 1722], "summary": {"covered_lines": 175, "num_statements": 183, "percent_covered": 95.62841530054645, "percent_covered_display": "96", "missing_lines": 8, "excluded_lines": 0, "percent_statements_covered": 95.62841530054645, "percent_statements_covered_display": "96"}, "missing_lines": [1703, 1704, 1706, 1707, 1708, 1710, 1717, 1719], "excluded_lines": [], "start_line": 1}}}, "lltk/corpus/synthetic.py": {"executed_lines": [], "summary": {"covered_lines": 0, "num_statements": 283, "percent_covered": 0.0, "percent_covered_display": "0", "missing_lines": 283, "excluded_lines": 0, "percent_statements_covered": 0.0, "percent_statements_covered_display": "0"}, "missing_lines": [27, 28, 29, 30, 31, 32, 35, 36, 39, 40, 41, 43, 44, 45, 46, 47, 49, 51, 52, 53, 54, 55, 56, 57, 58, 60, 61, 62, 63, 64, 66, 67, 70, 71, 72, 73, 74, 75, 77, 79, 80, 81, 82, 84, 85, 86, 87, 88, 90, 91, 92, 93, 95, 96, 98, 99, 101, 102, 103, 104, 105, 107, 108, 109, 110, 111, 112, 115, 130, 135, 137, 138, 139, 141, 142, 143, 145, 153, 154, 155, 156, 157, 159, 160, 161, 162, 163, 164, 165, 166, 168, 174, 175, 177, 184, 186, 187, 188, 189, 190, 193, 194, 195, 196, 197, 198, 200, 201, 202, 203, 204, 205, 206, 207, 208, 209, 210, 211, 212, 213, 214, 215, 216, 217, 219, 221, 222, 224, 247, 249, 252, 253, 254, 255, 256, 257, 258, 262, 263, 264, 266, 267, 268, 269, 271, 272, 273, 274, 275, 276, 277, 280, 281, 282, 283, 285, 286, 287, 288, 289, 291, 292, 293, 294, 295, 296, 297, 300, 301, 302, 306, 308, 309, 310, 311, 312, 313, 314, 316, 318, 320, 322, 323, 324, 326, 330, 331, 332, 334, 335, 336, 338, 339, 340, 344, 345, 350, 351, 352, 353, 354, 355, 356, 360, 361, 362, 363, 364, 365, 366, 367, 368, 373, 377, 378, 379, 380, 381, 382, 383, 384, 385, 395, 396, 398, 399, 400, 401, 402, 405, 406, 407, 408, 412, 413, 414, 415, 416, 417, 419, 420, 421, 422, 423, 424, 425, 426, 427, 429, 430, 431, 432, 433, 436, 437, 438, 440, 442, 444, 446, 447, 448, 450, 452, 453, 454, 455, 456, 457, 458, 459, 460, 461, 462, 463, 464, 465, 466, 467, 468, 469, 470, 472], "excluded_lines": [], "functions": {"SyntheticCorpus.__init__": {"executed_lines": [], "summary": {"covered_lines": 0, "num_statements": 4, "percent_covered": 0.0, "percent_covered_display": "0", "missing_lines": 4, "excluded_lines": 0, "percent_statements_covered": 0.0, "percent_statements_covered_display": "0"}, "missing_lines": [44, 45, 46, 47], "excluded_lines": [], "start_line": 43}, "SyntheticCorpus._get_query_kwargs": {"executed_lines": [], "summary": {"covered_lines": 0, "num_statements": 8, "percent_covered": 0.0, "percent_covered_display": "0", "missing_lines": 8, "excluded_lines": 0, "percent_statements_covered": 0.0, "percent_statements_covered_display": "0"}, "missing_lines": [51, 52, 53, 54, 55, 56, 57, 58], "excluded_lines": [], "start_line": 49}, "SyntheticCorpus.load_metadata": {"executed_lines": [], "summary": {"covered_lines": 0, "num_statements": 12, "percent_covered": 0.0, "percent_covered_display": "0", "missing_lines": 12, "excluded_lines": 0, "percent_statements_covered": 0.0, "percent_statements_covered_display": "0"}, "missing_lines": [61, 62, 63, 64, 66, 67, 70, 71, 72, 73, 74, 75], "excluded_lines": [], "start_line": 60}, "SyntheticCorpus.metadata": {"executed_lines": [], "summary": {"covered_lines": 0, "num_statements": 4, "percent_covered": 0.0, "percent_covered_display": "0", "missing_lines": 4, "excluded_lines": 0, "percent_statements_covered": 0.0, "percent_statements_covered_display": "0"}, "missing_lines": [79, 80, 81, 82], "excluded_lines": [], "start_line": 77}, "SyntheticCorpus.init": {"executed_lines": [], "summary": {"covered_lines": 0, "num_statements": 4, "percent_covered": 0.0, "percent_covered_display": "0", "missing_lines": 4, "excluded_lines": 0, "percent_statements_covered": 0.0, "percent_statements_covered_display": "0"}, "missing_lines": [85, 86, 87, 88], "excluded_lines": [], "start_line": 84}, "SyntheticCorpus.iter_init": {"executed_lines": [], "summary": {"covered_lines": 0, "num_statements": 3, "percent_covered": 0.0, "percent_covered_display": "0", "missing_lines": 3, "excluded_lines": 0, "percent_statements_covered": 0.0, "percent_statements_covered_display": "0"}, "missing_lines": [91, 92, 93], "excluded_lines": [], "start_line": 90}, "SyntheticCorpus.texts": {"executed_lines": [], "summary": {"covered_lines": 0, "num_statements": 1, "percent_covered": 0.0, "percent_covered_display": "0", "missing_lines": 1, "excluded_lines": 0, "percent_statements_covered": 0.0, "percent_statements_covered_display": "0"}, "missing_lines": [96], "excluded_lines": [], "start_line": 95}, "SyntheticCorpus.textd": {"executed_lines": [], "summary": {"covered_lines": 0, "num_statements": 5, "percent_covered": 0.0, "percent_covered_display": "0", "missing_lines": 5, "excluded_lines": 0, "percent_statements_covered": 0.0, "percent_statements_covered_display": "0"}, "missing_lines": [101, 102, 103, 104, 105], "excluded_lines": [], "start_line": 99}, "SyntheticCorpus.num_texts": {"executed_lines": [], "summary": {"covered_lines": 0, "num_statements": 4, "percent_covered": 0.0, "percent_covered_display": "0", "missing_lines": 4, "excluded_lines": 0, "percent_statements_covered": 0.0, "percent_statements_covered_display": "0"}, "missing_lines": [109, 110, 111, 112], "excluded_lines": [], "start_line": 108}, "CuratedCorpus.path_annotations": {"executed_lines": [], "summary": {"covered_lines": 0, "num_statements": 1, "percent_covered": 0.0, "percent_covered_display": "0", "missing_lines": 1, "excluded_lines": 0, "percent_statements_covered": 0.0, "percent_statements_covered_display": "0"}, "missing_lines": [139], "excluded_lines": [], "start_line": 138}, "CuratedCorpus.is_curated": {"executed_lines": [], "summary": {"covered_lines": 0, "num_statements": 1, "percent_covered": 0.0, "percent_covered_display": "0", "missing_lines": 1, "excluded_lines": 0, "percent_statements_covered": 0.0, "percent_statements_covered_display": "0"}, "missing_lines": [143], "excluded_lines": [], "start_line": 142}, "CuratedCorpus._load_annotations_raw": {"executed_lines": [], "summary": {"covered_lines": 0, "num_statements": 13, "percent_covered": 0.0, "percent_covered_display": "0", "missing_lines": 13, "excluded_lines": 0, "percent_statements_covered": 0.0, "percent_statements_covered_display": "0"}, "missing_lines": [153, 154, 155, 156, 157, 159, 160, 161, 162, 163, 164, 165, 166], "excluded_lines": [], "start_line": 145}, "CuratedCorpus._load_annotations": {"executed_lines": [], "summary": {"covered_lines": 0, "num_statements": 2, "percent_covered": 0.0, "percent_covered_display": "0", "missing_lines": 2, "excluded_lines": 0, "percent_statements_covered": 0.0, "percent_statements_covered_display": "0"}, "missing_lines": [174, 175], "excluded_lines": [], "start_line": 168}, "CuratedCorpus._flatten_annotations": {"executed_lines": [], "summary": {"covered_lines": 0, "num_statements": 26, "percent_covered": 0.0, "percent_covered_display": "0", "missing_lines": 26, "excluded_lines": 0, "percent_statements_covered": 0.0, "percent_statements_covered_display": "0"}, "missing_lines": [184, 186, 193, 194, 195, 196, 197, 198, 200, 201, 202, 203, 204, 205, 206, 207, 208, 209, 210, 211, 212, 213, 214, 215, 216, 217], "excluded_lines": [], "start_line": 177}, "CuratedCorpus._flatten_annotations._source_rank": {"executed_lines": [], "summary": {"covered_lines": 0, "num_statements": 4, "percent_covered": 0.0, "percent_covered_display": "0", "missing_lines": 4, "excluded_lines": 0, "percent_statements_covered": 0.0, "percent_statements_covered_display": "0"}, "missing_lines": [187, 188, 189, 190], "excluded_lines": [], "start_line": 186}, "CuratedCorpus.annotate": {"executed_lines": [], "summary": {"covered_lines": 0, "num_statements": 2, "percent_covered": 0.0, "percent_covered_display": "0", "missing_lines": 2, "excluded_lines": 0, "percent_statements_covered": 0.0, "percent_statements_covered_display": "0"}, "missing_lines": [221, 222], "excluded_lines": [], "start_line": 219}, "CuratedCorpus.propagate_from": {"executed_lines": [], "summary": {"covered_lines": 0, "num_statements": 52, "percent_covered": 0.0, "percent_covered_display": "0", "missing_lines": 52, "excluded_lines": 0, "percent_statements_covered": 0.0, "percent_statements_covered_display": "0"}, "missing_lines": [247, 249, 252, 253, 254, 255, 256, 257, 258, 262, 263, 264, 266, 267, 268, 269, 271, 272, 273, 274, 275, 276, 277, 280, 281, 282, 283, 285, 286, 287, 288, 289, 291, 292, 293, 294, 295, 296, 297, 300, 301, 302, 306, 308, 309, 310, 311, 312, 313, 314, 316, 318], "excluded_lines": [], "start_line": 224}, "CuratedCorpus._save_annotations": {"executed_lines": [], "summary": {"covered_lines": 0, "num_statements": 3, "percent_covered": 0.0, "percent_covered_display": "0", "missing_lines": 3, "excluded_lines": 0, "percent_statements_covered": 0.0, "percent_statements_covered_display": "0"}, "missing_lines": [322, 323, 324], "excluded_lines": [], "start_line": 320}, "CuratedCorpus.load_metadata": {"executed_lines": [], "summary": {"covered_lines": 0, "num_sta
[...]
: 12, "percent_covered": 0.0, "percent_covered_display": "0", "missing_lines": 12, "excluded_lines": 0, "percent_statements_covered": 0.0, "percent_statements_covered_display": "0"}, "missing_lines": [740, 741, 742, 743, 744, 746, 747, 748, 749, 750, 751, 752], "excluded_lines": [], "start_line": 739}, "ld2dd": {"executed_lines": [], "summary": {"covered_lines": 0, "num_statements": 4, "percent_covered": 0.0, "percent_covered_display": "0", "missing_lines": 4, "excluded_lines": 0, "percent_statements_covered": 0.0, "percent_statements_covered_display": "0"}, "missing_lines": [756, 757, 758, 760], "excluded_lines": [], "start_line": 755}, "slice": {"executed_lines": [], "summary": {"covered_lines": 0, "num_statements": 8, "percent_covered": 0.0, "percent_covered_display": "0", "missing_lines": 8, "excluded_lines": 0, "percent_statements_covered": 0.0, "percent_statements_covered_display": "0"}, "missing_lines": [767, 768, 769, 770, 771, 772, 773, 774], "excluded_lines": [], "start_line": 763}, "noPunc": {"executed_lines": [], "summary": {"covered_lines": 0, "num_statements": 2, "percent_covered": 0.0, "percent_covered_display": "0", "missing_lines": 2, "excluded_lines": 0, "percent_statements_covered": 0.0, "percent_statements_covered_display": "0"}, "missing_lines": [779, 780], "excluded_lines": [], "start_line": 778}, "zeropunc": {"executed_lines": [784, 785], "summary": {"covered_lines": 2, "num_statements": 2, "percent_covered": 100.0, "percent_covered_display": "100", "missing_lines": 0, "excluded_lines": 0, "percent_statements_covered": 100.0, "percent_statements_covered_display": "100"}, "missing_lines": [], "excluded_lines": [], "start_line": 783}, "now": {"executed_lines": [], "summary": {"covered_lines": 0, "num_statements": 6, "percent_covered": 0.0, "percent_covered_display": "0", "missing_lines": 6, "excluded_lines": 0, "percent_statements_covered": 0.0, "percent_statements_covered_display": "0"}, "missing_lines": [790, 791, 792, 793, 794, 796], "excluded_lines": [], "start_line": 789}, "gleanPunc2": {"executed_lines": [], "summary": {"covered_lines": 0, "num_statements": 9, "percent_covered": 0.0, "percent_covered_display": "0", "missing_lines": 9, "excluded_lines": 0, "percent_statements_covered": 0.0, "percent_statements_covered_display": "0"}, "missing_lines": [800, 801, 802, 803, 804, 805, 806, 807, 809], "excluded_lines": [], "start_line": 799}, "modernize_spelling_in_txt": {"executed_lines": [], "summary": {"covered_lines": 0, "num_statements": 11, "percent_covered": 0.0, "percent_covered_display": "0", "missing_lines": 11, "excluded_lines": 0, "percent_statements_covered": 0.0, "percent_statements_covered_display": "0"}, "missing_lines": [813, 814, 815, 816, 817, 818, 819, 820, 821, 822, 823], "excluded_lines": [], "start_line": 812}, "tokenize_fast": {"executed_lines": [], "summary": {"covered_lines": 0, "num_statements": 1, "percent_covered": 0.0, "percent_covered_display": "0", "missing_lines": 1, "excluded_lines": 0, "percent_statements_covered": 0.0, "percent_statements_covered_display": "0"}, "missing_lines": [828], "excluded_lines": [], "start_line": 827}, "ngram": {"executed_lines": [], "summary": {"covered_lines": 0, "num_statements": 11, "percent_covered": 0.0, "percent_covered_display": "0", "missing_lines": 11, "excluded_lines": 0, "percent_statements_covered": 0.0, "percent_statements_covered_display": "0"}, "missing_lines": [837, 838, 839, 840, 841, 842, 843, 844, 845, 846, 847], "excluded_lines": [], "start_line": 836}, "index": {"executed_lines": [], "summary": {"covered_lines": 0, "num_statements": 3, "percent_covered": 0.0, "percent_covered_display": "0", "missing_lines": 3, "excluded_lines": 0, "percent_statements_covered": 0.0, "percent_statements_covered_display": "0"}, "missing_lines": [858, 859, 860], "excluded_lines": [], "start_line": 857}, "passages": {"executed_lines": [], "summary": {"covered_lines": 0, "num_statements": 11, "percent_covered": 0.0, "percent_covered_display": "0", "missing_lines": 11, "excluded_lines": 0, "percent_statements_covered": 0.0, "percent_statements_covered_display": "0"}, "missing_lines": [864, 865, 866, 867, 868, 870, 871, 872, 873, 874, 875], "excluded_lines": [], "start_line": 863}, "yank": {"executed_lines": [], "summary": {"covered_lines": 0, "num_statements": 6, "percent_covered": 0.0, "percent_covered_display": "0", "missing_lines": 6, "excluded_lines": 0, "percent_statements_covered": 0.0, "percent_statements_covered_display": "0"}, "missing_lines": [883, 884, 886, 887, 888, 889], "excluded_lines": [], "start_line": 882}, "download": {"executed_lines": [], "summary": {"covered_lines": 0, "num_statements": 6, "percent_covered": 0.0, "percent_covered_display": "0", "missing_lines": 6, "excluded_lines": 0, "percent_statements_covered": 0.0, "percent_statements_covered_display": "0"}, "missing_lines": [896, 897, 898, 899, 901, 902], "excluded_lines": [], "start_line": 895}, "copyfileobj": {"executed_lines": [], "summary": {"covered_lines": 0, "num_statements": 8, "percent_covered": 0.0, "percent_covered_display": "0", "missing_lines": 8, "excluded_lines": 0, "percent_statements_covered": 0.0, "percent_statements_covered_display": "0"}, "missing_lines": [909, 910, 911, 912, 913, 914, 915, 916], "excluded_lines": [], "start_line": 905}, "in_jupyter": {"executed_lines": [919], "summary": {"covered_lines": 1, "num_statements": 1, "percent_covered": 100.0, "percent_covered_display": "100", "missing_lines": 0, "excluded_lines": 0, "percent_statements_covered": 100.0, "percent_statements_covered_display": "100"}, "missing_lines": [], "excluded_lines": [], "start_line": 919}, "Bunch.__init__": {"executed_lines": [], "summary": {"covered_lines": 0, "num_statements": 1, "percent_covered": 0.0, "percent_covered_display": "0", "missing_lines": 1, "excluded_lines": 0, "percent_statements_covered": 0.0, "percent_statements_covered_display": "0"}, "missing_lines": [924], "excluded_lines": [], "start_line": 923}, "Bunch.__getattr__": {"executed_lines": [], "summary": {"covered_lines": 0, "num_statements": 1, "percent_covered": 0.0, "percent_covered_display": "0", "missing_lines": 1, "excluded_lines": 0, "percent_statements_covered": 0.0, "percent_statements_covered_display": "0"}, "missing_lines": [926], "excluded_lines": [], "start_line": 925}, "Bunch.__setattr__": {"executed_lines": [], "summary": {"covered_lines": 0, "num_statements": 2, "percent_covered": 0.0, "percent_covered_display": "0", "missing_lines": 2, "excluded_lines": 0, "percent_statements_covered": 0.0, "percent_statements_covered_display": "0"}, "missing_lines": [928, 929], "excluded_lines": [], "start_line": 927}, "Bunch.__iter__": {"executed_lines": [], "summary": {"covered_lines": 0, "num_statements": 2, "percent_covered": 0.0, "percent_covered_display": "0", "missing_lines": 2, "excluded_lines": 0, "percent_statements_covered": 0.0, "percent_statements_covered_display": "0"}, "missing_lines": [931, 932], "excluded_lines": [], "start_line": 930}, "mask_home_dir": {"executed_lines": [936], "summary": {"covered_lines": 1, "num_statements": 1, "percent_covered": 100.0, "percent_covered_display": "100", "missing_lines": 0, "excluded_lines": 0, "percent_statements_covered": 100.0, "percent_statements_covered_display": "100"}, "missing_lines": [], "excluded_lines": [], "start_line": 936}, "ppath": {"executed_lines": [], "summary": {"covered_lines": 0, "num_statements": 2, "percent_covered": 0.0, "percent_covered_display": "0", "missing_lines": 2, "excluded_lines": 0, "percent_statements_covered": 0.0, "percent_statements_covered_display": "0"}, "missing_lines": [939, 940], "excluded_lines": [], "start_line": 938}, "rpath": {"executed_lines": [], "summary": {"covered_lines": 0, "num_statements": 2, "percent_covered": 0.0, "percent_covered_display": "0", "missing_lines": 2, "excluded_lines": 0, "percent_statements_covered": 0.0, "percent_statements_covered_display": "0"}, "missing_lines": [946, 947], "excluded_lines": [], "start_line": 945}, "extract": {"executed_lines": [], "summary": {"covered_lines": 0, "num_statements": 4, "percent_covered": 0.0, "percent_covered_display": "0", "missing_lines": 4, "excluded_lines": 0, "percent_statements_covered": 0.0, "percent_statements_covered_display": "0"}, "missing_lines": [955, 956, 957, 958], "excluded_lines": [], "start_line": 954}, "unzip": {"executed_lines": [], "summary": {"covered_lines": 0, "num_statements": 24, "percent_covered": 0.0, "percent_covered_display": "0", "missing_lines": 24, "excluded_lines": 0, "percent_statements_covered": 0.0, "percent_statements_covered_display": "0"}, "missing_lines": [965, 966, 969, 970, 971, 974, 975, 978, 979, 980, 981, 982, 983, 984, 985, 986, 987, 988, 989, 990, 991, 992, 993, 994], "excluded_lines": [], "start_line": 964}, "get_num_lines": {"executed_lines": [], "summary": {"covered_lines": 0, "num_statements": 5, "percent_covered": 0.0, "percent_covered_display": "0", "missing_lines": 5, "excluded_lines": 0, "percent_statements_covered": 0.0, "percent_statements_covered_display": "0"}, "missing_lines": [997, 999, 1005, 1006, 1008], "excluded_lines": [], "start_line": 996}, "get_num_lines.blocks": {"executed_lines": [], "summary": {"covered_lines": 0, "num_statements": 4, "percent_covered": 0.0, "percent_covered_display": "0", "missing_lines": 4, "excluded_lines": 0, "percent_statements_covered": 0.0, "percent_statements_covered_display": "0"}, "missing_lines": [1000, 1001, 1002, 1003], "excluded_lines": [], "start_line": 999}, "check_make_dir": {"executed_lines": [], "summary": {"covered_lines": 0, "num_statements": 11, "percent_covered": 0.0, "percent_covered_display": "0", "missing_lines": 11, "excluded_lines": 0, "percent_statements_covered": 0.0, "percent_statements_covered_display": "0"}, "missing_lines": [1017, 1018, 1019, 1020, 1022, 1023, 1024, 1025, 1026, 1027, 1028], "excluded_lines": [], "start_line": 1016}, "symlink": {"executed_lines": [], "summary": {"covered_lines": 0, "num_statements": 20, "percent_covered": 0.0, "percent_covered_display": "0", "missing_lines": 20, "excluded_lines": 0, "percent_statements_covered": 0.0, "percent_statements_covered_display": "0"}, "missing_lines": [1033, 1034, 1035, 1036, 1038, 1039, 1040, 1041, 1042, 1043, 1044, 1045, 1047, 1048, 1049, 1050, 1051, 1052, 1053, 1054], "excluded_lines": [], "start_line": 1031}, "get_path_abs": {"executed_lines": [], "summary": {"covered_lines": 0, "num_statements": 13, "percent_covered": 0.0, "percent_covered_display": "0", "missing_lines": 13, "excluded_lines": 0, "percent_statements_covered": 0.0, "percent_statements_covered_display": "0"}, "missing_lines": [1069, 1070, 1071, 1073, 1074, 1075, 1077, 1078, 1079, 1080, 1082, 1083, 1085], "excluded_lines": [], "start_line": 1068}, "get_config_file_location": {"executed_lines": [], "summary": {"covered_lines": 0, "num_statements": 5, "percent_covered": 0.0, "percent_covered_display": "0", "missing_lines": 5, "excluded_lines": 0, "percent_statements_covered": 0.0, "percent_statements_covered_display": "0"}, "missing_lines": [1091, 1092, 1093, 1095, 1096], "excluded_lines": [], "start_line": 1090}, "remove_duplicates": {"executed_lines": [1101, 1102, 1103, 1104, 1105], "summary": {"covered_lines": 5, "num_statements": 5, "percent_covered": 100.0, "percent_covered_display": "100", "missing_lines": 0, "excluded_lines": 0, "percent_statements_covered": 100.0, "percent_statements_covered_display": "100"}, "missing_lines": [], "excluded_lines": [], "start_line": 1100}, "": {"executed_lines": [1, 2, 3, 4, 5, 6, 7, 8, 9, 10, 11, 12, 13, 14, 21, 50, 53, 55, 59, 64, 105, 113, 120, 125, 130, 135, 136, 144, 155, 163, 166, 179, 183, 189, 192, 216, 220, 223, 226, 234, 266, 272, 278, 300, 314, 324, 336, 343, 350, 354, 366, 374, 375, 376, 377, 386, 387, 391, 401, 410, 425, 451, 468, 491, 524, 557, 569, 578, 592, 598, 602, 603, 607, 615, 627, 633, 644, 650, 680, 705, 721, 739, 755, 763, 778, 783, 789, 799, 812, 827, 836, 857, 863, 882, 895, 905, 922, 923, 925, 927, 930, 938, 945, 954, 964, 996, 1016, 1031, 1057, 1058, 1059, 1061, 1062, 1063, 1068, 1090, 1100], "summary": {"covered_lines": 117, "num_statements": 118, "percent_covered": 99.15254237288136, "percent_covered_display": "99", "missing_lines": 1, "excluded_lines": 0, "percent_statements_covered": 99.15254237288136, "percent_statements_covered_display": "99"}, "missing_lines": [1060], "excluded_lines": [], "start_line": 1}}, "classes": {"_PmapCaller": {"executed_lines": [56, 57, 58, 60], "summary": {"covered_lines": 4, "num_statements": 4, "percent_covered": 100.0, "percent_covered_display": "100", "missing_lines": 0, "excluded_lines": 0, "percent_statements_covered": 100.0, "percent_statements_covered_display": "100"}, "missing_lines": [], "excluded_lines": [], "start_line": 53}, "SetList": {"executed_lines": [137, 138, 139, 140, 141, 142, 145, 146, 147, 148], "summary": {"covered_lines": 10, "num_statements": 27, "percent_covered": 37.03703703703704, "percent_covered_display": "37", "missing_lines": 17, "excluded_lines": 0, "percent_statements_covered": 37.03703703703704, "percent_statements_covered_display": "37"}, "missing_lines": [149, 150, 151, 153, 156, 157, 158, 160, 161, 164, 167, 168, 169, 170, 171, 172, 173], "excluded_lines": [], "start_line": 135}, "OrderedSetDict": {"executed_lines": [], "summary": {"covered_lines": 0, "num_statements": 28, "percent_covered": 0.0, "percent_covered_display": "0", "missing_lines": 28, "excluded_lines": 0, "percent_statements_covered": 0.0, "percent_statements_covered_display": "0"}, "missing_lines": [184, 185, 186, 187, 190, 193, 194, 195, 196, 197, 198, 199, 200, 201, 202, 203, 204, 205, 206, 207, 209, 211, 213, 217, 218, 221, 224, 227], "excluded_lines": [], "start_line": 179}, "Capturing": {"executed_lines": [], "summary": {"covered_lines": 0, "num_statements": 6, "percent_covered": 0.0, "percent_covered_display": "0", "missing_lines": 6, "excluded_lines": 0, "percent_statements_covered": 0.0, "percent_statements_covered_display": "0"}, "missing_lines": [604, 605, 606, 608, 609, 610], "excluded_lines": [], "start_line": 602}, "Bunch": {"executed_lines": [], "summary": {"covered_lines": 0, "num_statements": 6, "percent_covered": 0.0, "percent_covered_display": "0", "missing_lines": 6, "excluded_lines": 0, "percent_statements_covered": 0.0, "percent_statements_covered_display": "0"}, "missing_lines": [924, 926, 928, 929, 931, 932], "excluded_lines": [], "start_line": 922}, "": {"executed_lines": [1, 2, 3, 4, 5, 6, 7, 8, 9, 10, 11, 12, 13, 14, 21, 23, 24, 25, 28, 38, 39, 48, 50, 53, 55, 59, 64, 79, 80, 81, 82, 85, 87, 89, 90, 93, 94, 95, 96, 97, 100, 101, 105, 113, 114, 115, 116, 120, 121, 122, 125, 126, 127, 130, 131, 132, 135, 136, 144, 155, 163, 166, 179, 183, 189, 192, 216, 220, 223, 226, 234, 235, 236, 242, 243, 244, 248, 249, 253, 254, 258, 259, 266, 267, 268, 269, 272, 273, 274, 275, 278, 279, 281, 282, 283, 284, 285, 286, 287, 288, 289, 290, 295, 296, 300, 314, 315, 316, 317, 324, 336, 343, 344, 350, 351, 354, 366, 374, 375, 376, 377, 386, 387, 391, 401, 402, 405, 406, 410, 425, 451, 468, 491, 524, 525, 526, 527, 529, 531, 533, 534, 557, 561, 562, 563, 564, 565, 566, 569, 578, 592, 598, 602, 603, 607, 615, 616, 617, 618, 619, 620, 627, 633, 644, 650, 680, 705, 721, 739, 755, 763, 778, 783, 784, 785, 789, 799, 812, 827, 836, 857, 863, 882, 895, 905, 919, 922, 923, 925, 927, 930, 936, 938, 945, 954, 964, 996, 1016, 1031, 1057, 1058, 1059, 1061, 1062, 1063, 1068, 1090, 1100, 1101, 1102, 1103, 1104, 1105], "summary": {"covered_lines": 213, "num_statements": 672, "percent_covered": 31.696428571428573, "percent_covered_display": "32", "missing_lines": 459, "excluded_lines": 0, "percent_statements_covered": 31.696428571428573, "percent_statements_covered_display": "32"}, "missing_lines": [29, 30, 31, 32, 33, 34, 35, 36, 40, 41, 42, 43, 44, 45, 46, 47, 83, 98, 99, 108, 117, 118, 245, 246, 250, 251, 255, 256, 260, 261, 262, 291, 292, 293, 294, 301, 303, 304, 305, 307, 309, 318, 319, 325, 326, 327, 328, 329, 330, 331, 332, 333, 337, 338, 339, 340, 355, 356, 357, 361, 362, 367, 368, 369, 370, 371, 378, 379, 380, 381, 382, 383, 384, 385, 392, 393, 394, 395, 396, 398, 403, 412, 413, 414, 415, 416, 417, 418, 419, 420, 421, 422, 427, 428, 429, 430, 431, 432, 433, 434, 436, 438, 439, 440, 441, 442, 443, 444, 445, 446, 447, 448, 454, 455, 456, 457, 458, 459, 460, 461, 462, 464, 465, 470, 471, 472, 473, 474, 475, 476, 477, 478, 479, 480, 481, 482, 483, 484, 485, 486, 487, 488, 492, 493, 494, 495, 497, 498, 500, 501, 502, 503, 504, 505, 506, 507, 509, 510, 511, 512, 513, 516, 518, 519, 520, 535, 536, 537, 538, 539, 540, 541, 542, 543, 544, 545, 546, 548, 549, 550, 551, 552, 554, 570, 571, 572, 573, 574, 579, 580, 581, 582, 583, 584, 585, 586, 587, 588, 595, 596, 621, 622, 634, 635, 640, 645, 646, 651, 652, 654, 655, 656, 657, 658, 660, 661, 662, 663, 664, 665, 667, 668, 670, 671, 672, 673, 676, 677, 681, 682, 683, 684, 685, 686, 687, 689, 692, 693, 694, 695, 696, 697, 698, 699, 700, 701, 702, 706, 707, 708, 709, 710, 711, 712, 713, 714, 717, 718, 722, 724, 725, 726, 729, 731, 732, 733, 734, 735, 736, 737, 740, 741, 742, 743, 744, 746, 747, 748, 749, 750, 751, 752, 756, 757, 758, 760, 767, 768, 769, 770, 771, 772, 773, 774, 779, 780, 790, 791, 792, 793, 794, 796, 800, 801, 802, 803, 804, 805, 806, 807, 809, 813, 814, 815, 816, 817, 818, 819, 820, 821, 822, 823, 828, 837, 838, 839, 840, 841, 842, 843, 844, 845, 846, 847, 858, 859, 860, 864, 865, 866, 867, 868, 870, 871, 872, 873, 874, 875, 883, 884, 886, 887, 888, 889, 896, 897, 898, 899, 901, 902, 909, 910, 911, 912, 913, 914, 915, 916, 939, 940, 946, 947, 955, 956, 957, 958, 965, 966, 969, 970, 971, 974, 975, 978, 979, 980, 981, 982, 983, 984, 985, 986, 987, 988, 989, 990, 991, 992, 993, 994, 997, 999, 1000, 1001, 1002, 1003, 1005, 1006, 1008, 1017, 1018, 1019, 1020, 1022, 1023, 1024, 1025, 1026, 1027, 1028, 1033, 1034, 1035, 1036, 1038, 1039, 1040, 1041, 1042, 1043, 1044, 1045, 1047, 1048, 1049, 1050, 1051, 1052, 1053, 1054, 1060, 1069, 1070, 1071, 1073, 1074, 1075, 1077, 1078, 1079, 1080, 1082, 1083, 1085, 1091, 1092, 1093, 1095, 1096], "excluded_lines": [], "start_line": 1}}}, "lltk/tools/vocabs.py": {"executed_lines": [14, 27, 53, 63, 85, 90, 92, 93, 95], "summary": {"covered_lines": 9, "num_statements": 11, "percent_covered": 81.81818181818181, "percent_covered_display": "82", "missing_lines": 2, "excluded_lines": 0, "percent_statements_covered": 81.81818181818181, "percent_statements_covered_display": "82"}, "missing_lines": [91, 94], "excluded_lines": [], "functions": {"normalize_lang": {"executed_lines": [90, 92, 93, 95], "summary": {"covered_lines": 4, "num_statements": 6, "percent_covered": 66.66666666666667, "percent_covered_display": "67", "missing_lines": 2, "excluded_lines": 0, "percent_statements_covered": 66.66666666666667, "percent_statements_covered_display": "67"}, "missing_lines": [91, 94], "excluded_lines": [], "start_line": 85}, "": {"executed_lines": [14, 27, 53, 63, 85], "summary": {"covered_lines": 5, "num_statements": 5, "percent_covered": 100.0, "percent_covered_display": "100", "missing_lines": 0, "excluded_lines": 0, "percent_statements_covered": 100.0, "percent_statements_covered_display": "100"}, "missing_lines": [], "excluded_lines": [], "start_line": 1}}, "classes": {"": {"executed_lines": [14, 27, 53, 63, 85, 90, 92, 93, 95], "summary": {"covered_lines": 9, "num_statements": 11, "percent_covered": 81.81818181818181, "percent_covered_display": "82", "missing_lines": 2, "excluded_lines": 0, "percent_statements_covered": 81.81818181818181, "percent_statements_covered_display": "82"}, "missing_lines": [91, 94], "excluded_lines": [], "start_line": 1}}}}, "totals": {"covered_lines": 3212, "num_statements": 7769, "percent_covered": 41.34380229115716, "percent_covered_display": "41", "missing_lines": 4557, "excluded_lines": 8, "percent_statements_covered": 41.34380229115716, "percent_statements_covered_display": "41"}}